[2021-04-16 22:34:31.319] [exthost] [info] extension host started
[2021-04-16 22:34:31.390] [exthost] [info] ExtensionService#_doActivateExtension vscode.microsoft-authentication {"startup":false,"extensionId":{"value":"vscode.microsoft-authentication","_lower":"vscode.microsoft-authentication"},"activationEvent":"onAuthenticationRequest:microsoft"}
[2021-04-16 22:34:31.394] [exthost] [info] ExtensionService#loadCommonJSModule file:///usr/share/code/resources/app/extensions/microsoft-authentication/dist/extension.js
[2021-04-16 22:34:31.411] [exthost] [info] ExtensionService#_doActivateExtension vscode.debug-auto-launch {"startup":true,"extensionId":{"value":"vscode.debug-auto-launch","_lower":"vscode.debug-auto-launch"},"activationEvent":"*"}
[2021-04-16 22:34:31.412] [exthost] [info] ExtensionService#loadCommonJSModule file:///usr/share/code/resources/app/extensions/debug-auto-launch/dist/extension
[2021-04-16 22:34:31.415] [exthost] [info] ExtensionService#_doActivateExtension vscode.git {"startup":true,"extensionId":{"value":"vscode.github","_lower":"vscode.github"},"activationEvent":"*"}
[2021-04-16 22:34:31.415] [exthost] [info] ExtensionService#loadCommonJSModule file:///usr/share/code/resources/app/extensions/git/dist/main
[2021-04-16 22:34:31.446] [exthost] [info] ExtensionService#_doActivateExtension ms-vscode.makefile-tools {"startup":true,"extensionId":{"value":"ms-vscode.makefile-tools","_lower":"ms-vscode.makefile-tools"},"activationEvent":"workspaceContains:Makefile"}
[2021-04-16 22:34:31.446] [exthost] [info] ExtensionService#loadCommonJSModule file:///home/user42/.vscode/extensions/ms-vscode.makefile-tools-0.2.0/out/src/extension.js
[2021-04-16 22:34:31.689] [exthost] [info] ExtensionService#_doActivateExtension ms-vscode.cpptools {"startup":false,"extensionId":{"value":"ms-vscode.makefile-tools","_lower":"ms-vscode.makefile-tools"},"activationEvent":"api"}
[2021-04-16 22:34:31.689] [exthost] [info] ExtensionService#loadCommonJSModule file:///home/user42/.vscode/extensions/ms-vscode.cpptools-1.3.0/dist/main
[2021-04-16 22:34:31.798] [exthost] [info] ExtensionService#_doActivateExtension vscode.github {"startup":true,"extensionId":{"value":"vscode.github","_lower":"vscode.github"},"activationEvent":"*"}
[2021-04-16 22:34:31.798] [exthost] [info] ExtensionService#loadCommonJSModule file:///usr/share/code/resources/app/extensions/github/dist/extension.js
[2021-04-16 22:34:31.855] [exthost] [info] ExtensionService#_doActivateExtension ms-vscode.js-debug {"startup":false,"extensionId":{"value":"ms-vscode.js-debug","_lower":"ms-vscode.js-debug"},"activationEvent":"onCommand:extension.js-debug.clearAutoAttachVariables"}
[2021-04-16 22:34:31.855] [exthost] [info] ExtensionService#loadCommonJSModule file:///usr/share/code/resources/app/extensions/ms-vscode.js-debug/src/extension.js
[2021-04-16 22:34:32.105] [exthost] [info] ExtensionService#_doActivateExtension vscode.github-authentication {"startup":false,"extensionId":{"value":"vscode.github-authentication","_lower":"vscode.github-authentication"},"activationEvent":"onAuthenticationRequest:github"}
[2021-04-16 22:34:32.105] [exthost] [info] ExtensionService#loadCommonJSModule file:///usr/share/code/resources/app/extensions/github-authentication/dist/extension.js
[2021-04-16 22:34:32.338] [exthost] [info] eager extensions activated
[2021-04-16 22:34:32.345] [exthost] [info] ExtensionService#_doActivateExtension vscode.emmet {"startup":false,"extensionId":{"value":"vscode.emmet","_lower":"vscode.emmet"},"activationEvent":"onStartupFinished"}
[2021-04-16 22:34:32.345] [exthost] [info] ExtensionService#loadCommonJSModule file:///usr/share/code/resources/app/extensions/emmet/dist/node/emmetNodeMain
[2021-04-16 22:34:32.351] [exthost] [info] ExtensionService#_doActivateExtension vscode.merge-conflict {"startup":false,"extensionId":{"value":"vscode.merge-conflict","_lower":"vscode.merge-conflict"},"activationEvent":"onStartupFinished"}
[2021-04-16 22:34:32.351] [exthost] [info] ExtensionService#loadCommonJSModule file:///usr/share/code/resources/app/extensions/merge-conflict/dist/mergeConflictMain
[2021-04-16 22:34:32.354] [exthost] [info] ExtensionService#_doActivateExtension vscode.testing-editor-contributions {"startup":false,"extensionId":{"value":"vscode.testing-editor-contributions","_lower":"vscode.testing-editor-contributions"},"activationEvent":"onStartupFinished"}
[2021-04-16 22:34:32.354] [exthost] [info] ExtensionService#loadCommonJSModule file:///usr/share/code/resources/app/extensions/testing-editor-contributions/dist/extension.js
[2021-04-16 22:37:03.178] [exthost] [error] [ms-vscode.cpptools] provider FAILED
[2021-04-16 22:37:03.178] [exthost] [error] undefined
[2021-04-16 22:37:17.897] [exthost] [error] [ms-vscode.cpptools] provider FAILED
[2021-04-16 22:37:17.897] [exthost] [error] undefined
[2021-04-16 22:37:24.465] [exthost] [error] [ms-vscode.cpptools] provider FAILED
[2021-04-16 22:37:24.465] [exthost] [error] undefined
[2021-04-16 22:37:28.407] [exthost] [error] [ms-vscode.cpptools] provider FAILED
[2021-04-16 22:37:28.407] [exthost] [error] undefined
