[2021-11-22 05:07:17.118] [exthost] [info] Extension host with pid 4318 started
[2021-11-22 05:07:17.118] [exthost] [info] Skipping acquiring lock for /home/user42/.config/Code/User/workspaceStorage/b265767bfc554a7fb831e42d79d75ab3.
[2021-11-22 05:07:17.230] [exthost] [info] ExtensionService#_doActivateExtension vscode.microsoft-authentication, startup: false, activationEvent: 'onAuthenticationRequest:microsoft'
[2021-11-22 05:07:17.258] [exthost] [info] ExtensionService#_doActivateExtension cschlosser.doxdocgen, startup: false, activationEvent: 'onLanguage:cpp'
[2021-11-22 05:07:17.418] [exthost] [info] ExtensionService#_doActivateExtension ms-vscode.cpptools, startup: false, activationEvent: 'onLanguage:cpp'
[2021-11-22 05:07:17.535] [exthost] [info] ExtensionService#_doActivateExtension vscode.debug-auto-launch, startup: true, activationEvent: '*'
[2021-11-22 05:07:17.540] [exthost] [info] ExtensionService#_doActivateExtension vscode.git, startup: true, activationEvent: '*', root cause: vscode.github
[2021-11-22 05:07:17.621] [exthost] [info] ExtensionService#_doActivateExtension donjayamanne.githistory, startup: true, activationEvent: '*'
[2021-11-22 05:07:17.660] [exthost] [info] ExtensionService#_doActivateExtension ms-vsliveshare.vsliveshare, startup: true, activationEvent: '*'
[2021-11-22 05:07:18.738] [exthost] [info] ExtensionService#_doActivateExtension vscode.github-authentication, startup: false, activationEvent: 'onAuthenticationRequest:github'
[2021-11-22 05:07:20.834] [exthost] [info] ExtensionService#_doActivateExtension vscode.github, startup: true, activationEvent: '*'
[2021-11-22 05:07:20.870] [exthost] [info] Eager extensions activated
[2021-11-22 05:07:20.937] [exthost] [info] ExtensionService#_doActivateExtension vscode.merge-conflict, startup: false, activationEvent: 'onStartupFinished'
[2021-11-22 05:07:20.943] [exthost] [info] ExtensionService#_doActivateExtension eamodio.gitlens, startup: false, activationEvent: 'onStartupFinished'
[2021-11-22 05:07:21.105] [exthost] [info] ExtensionService#_doActivateExtension ms-vscode-remote.remote-containers, startup: false, activationEvent: 'onStartupFinished'
[2021-11-22 07:26:22.171] [exthost] [info] ExtensionService#_doActivateExtension KevinRose.vsc-python-indent, startup: false, activationEvent: 'onLanguage:python'
[2021-11-22 07:26:22.199] [exthost] [info] ExtensionService#_doActivateExtension VisualStudioExptTeam.vscodeintellicode, startup: false, activationEvent: 'onLanguage:python'
[2021-11-22 07:27:43.017] [exthost] [info] extension host terminating: renderer closed the socket
[2021-11-22 07:27:44.041] [exthost] [info] Extension host with pid 4318 exiting with code 0
[2021-11-22 07:27:46.027] [exthost] [info] Extension host with pid 17513 started
[2021-11-22 07:27:46.027] [exthost] [info] Skipping acquiring lock for /home/user42/.config/Code/User/workspaceStorage/b265767bfc554a7fb831e42d79d75ab3.
[2021-11-22 07:27:46.275] [exthost] [info] ExtensionService#_doActivateExtension vscode.microsoft-authentication, startup: false, activationEvent: 'onAuthenticationRequest:microsoft'
[2021-11-22 07:27:46.313] [exthost] [info] ExtensionService#_doActivateExtension vscode.debug-auto-launch, startup: true, activationEvent: '*'
[2021-11-22 07:27:46.319] [exthost] [info] ExtensionService#_doActivateExtension vscode.git, startup: true, activationEvent: '*', root cause: vscode.github
[2021-11-22 07:27:46.404] [exthost] [info] ExtensionService#_doActivateExtension donjayamanne.githistory, startup: true, activationEvent: '*'
[2021-11-22 07:27:46.456] [exthost] [info] ExtensionService#_doActivateExtension ms-vsliveshare.vsliveshare, startup: true, activationEvent: '*'
[2021-11-22 07:27:47.599] [exthost] [info] ExtensionService#_doActivateExtension vscode.github-authentication, startup: false, activationEvent: 'onAuthenticationRequest:github'
[2021-11-22 07:27:47.919] [exthost] [info] ExtensionService#_doActivateExtension vscode.github, startup: true, activationEvent: '*'
[2021-11-22 07:27:47.968] [exthost] [info] Eager extensions activated
[2021-11-22 07:27:47.996] [exthost] [info] ExtensionService#_doActivateExtension vscode.merge-conflict, startup: false, activationEvent: 'onStartupFinished'
[2021-11-22 07:27:48.001] [exthost] [info] ExtensionService#_doActivateExtension eamodio.gitlens, startup: false, activationEvent: 'onStartupFinished'
[2021-11-22 07:27:48.049] [exthost] [info] ExtensionService#_doActivateExtension ms-vscode-remote.remote-containers, startup: false, activationEvent: 'onStartupFinished'
[2021-11-22 09:10:20.224] [exthost] [info] ExtensionService#_doActivateExtension vscode.configuration-editing, startup: false, activationEvent: 'onLanguage:jsonc'
[2021-11-22 09:10:20.236] [exthost] [info] ExtensionService#_doActivateExtension vscode.json-language-features, startup: false, activationEvent: 'onLanguage:jsonc'
[2021-11-22 09:10:20.329] [exthost] [info] ExtensionService#_doActivateExtension vscode.typescript-language-features, startup: false, activationEvent: 'onLanguage:jsonc'
[2021-11-22 09:13:52.966] [exthost] [info] extension host terminating: renderer closed the socket
[2021-11-22 09:13:53.988] [exthost] [info] Extension host with pid 17513 exiting with code 0
