[2021-11-19 18:40:14.363] [exthost] [info] Extension host with pid 6303 started
[2021-11-19 18:40:14.363] [exthost] [info] Skipping acquiring lock for /home/user42/.config/Code/User/workspaceStorage/b265767bfc554a7fb831e42d79d75ab3.
[2021-11-19 18:40:14.574] [exthost] [info] ExtensionService#_doActivateExtension vscode.microsoft-authentication, startup: false, activationEvent: 'onAuthenticationRequest:microsoft'
[2021-11-19 18:40:14.586] [exthost] [info] ExtensionService#_doActivateExtension vscode.configuration-editing, startup: false, activationEvent: 'onLanguage:jsonc'
[2021-11-19 18:40:14.595] [exthost] [info] ExtensionService#_doActivateExtension vscode.json-language-features, startup: false, activationEvent: 'onLanguage:jsonc'
[2021-11-19 18:40:14.621] [exthost] [info] ExtensionService#_doActivateExtension vscode.typescript-language-features, startup: false, activationEvent: 'onLanguage:jsonc'
[2021-11-19 18:40:14.644] [exthost] [info] ExtensionService#_doActivateExtension vscode.debug-auto-launch, startup: true, activationEvent: '*'
[2021-11-19 18:40:14.647] [exthost] [info] ExtensionService#_doActivateExtension vscode.git, startup: true, activationEvent: '*', root cause: vscode.github
[2021-11-19 18:40:14.661] [exthost] [info] ExtensionService#_doActivateExtension donjayamanne.githistory, startup: true, activationEvent: '*'
[2021-11-19 18:40:14.679] [exthost] [info] ExtensionService#_doActivateExtension ms-vsliveshare.vsliveshare, startup: true, activationEvent: '*'
[2021-11-19 18:40:15.686] [exthost] [info] ExtensionService#_doActivateExtension vscode.github-authentication, startup: false, activationEvent: 'onAuthenticationRequest:github'
[2021-11-19 18:40:16.627] [exthost] [info] ExtensionService#_doActivateExtension vscode.github, startup: true, activationEvent: '*'
[2021-11-19 18:40:16.642] [exthost] [info] Eager extensions activated
[2021-11-19 18:40:16.664] [exthost] [info] ExtensionService#_doActivateExtension vscode.merge-conflict, startup: false, activationEvent: 'onStartupFinished'
[2021-11-19 18:40:16.667] [exthost] [info] ExtensionService#_doActivateExtension eamodio.gitlens, startup: false, activationEvent: 'onStartupFinished'
[2021-11-19 18:40:16.699] [exthost] [info] ExtensionService#_doActivateExtension ms-vscode-remote.remote-containers, startup: false, activationEvent: 'onStartupFinished'
[2021-11-19 18:41:50.856] [exthost] [info] ExtensionService#_doActivateExtension cschlosser.doxdocgen, startup: false, activationEvent: 'onLanguage:cpp'
[2021-11-19 18:41:50.951] [exthost] [info] ExtensionService#_doActivateExtension ms-vscode.cpptools, startup: false, activationEvent: 'onLanguage:cpp'
[2021-11-19 18:45:28.160] [exthost] [warning] TextEditor is closed/disposed
[2021-11-19 18:50:05.081] [exthost] [warning] TextEditor is closed/disposed
[2021-11-19 19:13:40.916] [exthost] [warning] TextEditor is closed/disposed
