[2021-11-20 01:18:15.215] [exthost] [info] Extension host with pid 3026 started
[2021-11-20 01:18:15.215] [exthost] [info] Skipping acquiring lock for /home/user42/.config/Code/User/workspaceStorage/b265767bfc554a7fb831e42d79d75ab3.
[2021-11-20 01:18:15.390] [exthost] [info] ExtensionService#_doActivateExtension vscode.microsoft-authentication, startup: false, activationEvent: 'onAuthenticationRequest:microsoft'
[2021-11-20 01:18:15.406] [exthost] [info] ExtensionService#_doActivateExtension cschlosser.doxdocgen, startup: false, activationEvent: 'onLanguage:cpp'
[2021-11-20 01:18:15.596] [exthost] [info] ExtensionService#_doActivateExtension ms-vscode.cpptools, startup: false, activationEvent: 'onLanguage:cpp'
[2021-11-20 01:18:15.654] [exthost] [info] ExtensionService#_doActivateExtension vscode.debug-auto-launch, startup: true, activationEvent: '*'
[2021-11-20 01:18:15.658] [exthost] [info] ExtensionService#_doActivateExtension vscode.git, startup: true, activationEvent: '*', root cause: vscode.github
[2021-11-20 01:18:15.686] [exthost] [info] ExtensionService#_doActivateExtension donjayamanne.githistory, startup: true, activationEvent: '*'
[2021-11-20 01:18:15.710] [exthost] [info] ExtensionService#_doActivateExtension ms-vsliveshare.vsliveshare, startup: true, activationEvent: '*'
[2021-11-20 01:18:17.193] [exthost] [info] ExtensionService#_doActivateExtension vscode.github-authentication, startup: false, activationEvent: 'onAuthenticationRequest:github'
[2021-11-20 01:18:18.707] [exthost] [info] ExtensionService#_doActivateExtension vscode.github, startup: true, activationEvent: '*'
[2021-11-20 01:18:18.726] [exthost] [info] Eager extensions activated
[2021-11-20 01:18:18.754] [exthost] [info] ExtensionService#_doActivateExtension vscode.merge-conflict, startup: false, activationEvent: 'onStartupFinished'
[2021-11-20 01:18:18.760] [exthost] [info] ExtensionService#_doActivateExtension eamodio.gitlens, startup: false, activationEvent: 'onStartupFinished'
[2021-11-20 01:18:18.814] [exthost] [info] ExtensionService#_doActivateExtension ms-vscode-remote.remote-containers, startup: false, activationEvent: 'onStartupFinished'
[2021-11-20 01:26:07.566] [exthost] [warning] TextEditor is closed/disposed
[2021-11-20 01:26:07.577] [exthost] [info] ExtensionService#_doActivateExtension vscode.configuration-editing, startup: false, activationEvent: 'onLanguage:jsonc'
[2021-11-20 01:26:07.589] [exthost] [info] ExtensionService#_doActivateExtension vscode.json-language-features, startup: false, activationEvent: 'onLanguage:jsonc'
[2021-11-20 01:26:07.624] [exthost] [info] ExtensionService#_doActivateExtension vscode.typescript-language-features, startup: false, activationEvent: 'onLanguage:jsonc'
[2021-11-20 01:26:54.260] [exthost] [warning] TextEditor is closed/disposed
[2021-11-20 01:27:33.803] [exthost] [warning] TextEditor is closed/disposed
[2021-11-20 01:27:37.506] [exthost] [warning] TextEditor is closed/disposed
[2021-11-20 01:27:58.672] [exthost] [warning] TextEditor is closed/disposed
[2021-11-20 01:34:13.573] [exthost] [warning] TextEditor is closed/disposed
[2021-11-20 01:47:40.566] [exthost] [warning] TextEditor is closed/disposed
[2021-11-20 01:47:41.982] [exthost] [warning] TextEditor is closed/disposed
[2021-11-20 01:47:49.980] [exthost] [warning] TextEditor is closed/disposed
[2021-11-20 01:47:51.480] [exthost] [warning] TextEditor is closed/disposed
[2021-11-20 01:48:05.511] [exthost] [warning] TextEditor is closed/disposed
[2021-11-20 01:49:37.524] [exthost] [warning] TextEditor is closed/disposed
[2021-11-20 01:49:47.830] [exthost] [warning] TextEditor is closed/disposed
[2021-11-20 02:14:01.559] [exthost] [warning] TextEditor is closed/disposed
[2021-11-20 02:14:03.244] [exthost] [warning] TextEditor is closed/disposed
[2021-11-20 02:14:04.579] [exthost] [warning] TextEditor is closed/disposed
[2021-11-20 02:14:07.516] [exthost] [warning] TextEditor is closed/disposed
