Looking for git in: git
Using git 2.17.1 from git
> git rev-parse --git-dir
Open repository: /home/user42/code/perso/minishell
> git status -z -u
> git symbolic-ref --short HEAD
> git for-each-ref --format=%(refname)%00%(upstream:short)%00%(upstream:track)%00%(objectname) refs/heads/flohrel refs/remotes/flohrel
> git for-each-ref --sort -committerdate --format %(refname) %(objectname) %(*objectname)
> git remote --verbose
> git check-ignore -v -z --stdin
> git config --get commit.template
> git show --textconv :src/test.c
> git ls-files --stage -- /home/user42/code/perso/minishell/src/test.c
> git status -z -u
> git symbolic-ref --short HEAD
> git for-each-ref --format=%(refname)%00%(upstream:short)%00%(upstream:track)%00%(objectname) refs/heads/flohrel refs/remotes/flohrel
> git for-each-ref --sort -committerdate --format %(refname) %(objectname) %(*objectname)
> git remote --verbose
> git config --get commit.template
> git show --textconv :incld/test.h
> git ls-files --stage -- /home/user42/code/perso/minishell/incld/test.h
> git show --textconv :src/test.c
> git ls-files --stage -- /home/user42/code/perso/minishell/src/test.c
> git show --textconv :src/data_test.c
> git ls-files --stage -- /home/user42/code/perso/minishell/src/data_test.c
