Logging level: Normal
Dropping various extension output files at /home/user42/code/perso/minishell/.vscode
Configurations cached at /home/user42/code/perso/minishell/.vscode/configurationCache.log
No path to the makefile is defined in the settings file
Always pre-configure: false
Dry-run switches: --always-make,--keep-going,--print-directory
Additional compiler names: 
Exclude compiler names: 
No current configuration is defined in the workspace state. Assuming 'Default'.
No target defined in the workspace state. Assuming 'Default'.
No current launch configuration is set in the workspace state.
Default launch configuration: MIMode = undefined,
                    miDebuggerPath = undefined,
                    stopAtEntry = undefined,
                    symbolSearchPath = undefined
Configure on open: true
Configure on edit: true
Configure after command: true
Only .PHONY targets: false
Save before build or configure: true
Build before launch: true
Clear output before build: true
Ignore directory commands: true
Deduced command 'make ' for configuration Default
Saving opened files before build.
Configuring from cache: /home/user42/code/perso/minishell/.vscode/configurationCache.log
Load configuration from cache elapsed time: 0.872
Generating in the background a new configuration cache with command: make --dry-run --always-make --keep-going --print-directory
Writing the dry-run output: /home/user42/code/perso/minishell/.vscode/dryrun.log
Generating dry-run elapsed time: 0.031
Preprocessing: "/home/user42/code/perso/minishell/.vscode/dryrun.log"
Preprocess elapsed time: 0
Parsing for IntelliSense.
Updating the CppTools IntelliSense Configuration Provider.
Parsing dry-run output for CppTools Custom Configuration Provider.
Sending configuration for file /home/user42/code/perso/minishell/src/main.c -----------------------------------
Sending configuration for file /home/user42/code/perso/minishell/src/lexer.c -----------------------------------
Parsing for IntelliSense elapsed time: 0.033
Parsing for launch targets.
Found the following 1 launch targets defined in the makefile: /home/user42/code/perso/minishell>minishell()
Complete list of launch targets: /home/user42/code/perso/minishell>minishell()
Parsing for launch targets elapsed time: 0.016
Generating parse content for build targets.
Generating targets information with command: make all --print-data-base --no-builtin-variables --no-builtin-rules --question
Writing the dry-run output: /home/user42/code/perso/minishell/.vscode/targets.log
Generating dry-run elapsed time: 0.018
Parsing for build targets from: "/home/user42/code/perso/minishell/.vscode/targets.log"
Found the following 8 build targets defined in the makefile: all;bonus;clean;fclean;minishell;obj;obj/main.o;re
Complete list of build targets: all;bonus;clean;fclean;minishell;obj;obj/main.o;re
Parsing build targets elapsed time: 0.005
Configure finished. The status for all the subphases that ran:
loadFromCache: return code = 0, elapsed time = 0.872
generateParseContent: return code = 0, elapsed time = 0.031
preprocessParseContent: return code = 0, elapsed time = 0
parseIntelliSense: return code = 0, elapsed time = 0.033
parseLaunch: return code = 0, elapsed time = 0.016
dryrunTargets: return code = 1, elapsed time = 0.018
parseTargets: return code = 0, elapsed time = 0.005
Configure succeeded.
Configure elapsed time: 1
Configuration for file /home/user42/code/perso/minishell/src/test.c was not found. CppTools will set a default configuration.
Configuration for file /home/user42/code/perso/minishell/src/test.c was not found. CppTools will set a default configuration.
Configuration for file /home/user42/code/perso/minishell/src/test.c was not found. CppTools will set a default configuration.
Configuration for file /home/user42/code/perso/minishell/src/data_test.c was not found. CppTools will set a default configuration.
