Looking for git in: git
Using git 2.17.1 from git
> git rev-parse --git-dir
Open repository: /home/user42/code/eval/minishell
> git status -z -u
> git symbolic-ref --short HEAD
> git for-each-ref --format=%(refname)%00%(upstream:short)%00%(upstream:track)%00%(objectname) refs/heads/master refs/remotes/master
> git for-each-ref --sort -committerdate --format %(refname) %(objectname) %(*objectname)
> git remote --verbose
Warning: Failed to watch ref '/home/user42/code/eval/minishell/.git/refs/remotes/origin/master', is most likely packed.
> git config --get commit.template
> git check-ignore -v -z --stdin
> git status -z -u
> git symbolic-ref --short HEAD
> git for-each-ref --format=%(refname)%00%(upstream:short)%00%(upstream:track)%00%(objectname) refs/heads/master refs/remotes/master
> git for-each-ref --sort -committerdate --format %(refname) %(objectname) %(*objectname)
> git remote --verbose
Warning: Failed to watch ref '/home/user42/code/eval/minishell/.git/refs/remotes/origin/master', is most likely packed.
> git config --get commit.template
> git show --textconv :sferard/srcs/tokenizer1.c
> git ls-files --stage -- /home/user42/code/eval/minishell/sferard/srcs/tokenizer1.c
> git show --textconv :sferard/srcs/minishell.c
> git ls-files --stage -- /home/user42/code/eval/minishell/sferard/srcs/minishell.c
> git show --textconv :sferard/srcs/signals.c
> git ls-files --stage -- /home/user42/code/eval/minishell/sferard/srcs/signals.c
> git show --textconv :sferard/srcs/tokenizer1.c
> git ls-files --stage -- /home/user42/code/eval/minishell/sferard/srcs/tokenizer1.c
> git show --textconv :sferard/srcs/tokenizer2.c
> git ls-files --stage -- /home/user42/code/eval/minishell/sferard/srcs/tokenizer2.c
> git show --textconv :sferard/srcs/tokenizer3.c
> git ls-files --stage -- /home/user42/code/eval/minishell/sferard/srcs/tokenizer3.c
> git show --textconv :sferard/srcs/tokenizer2.c
> git ls-files --stage -- /home/user42/code/eval/minishell/sferard/srcs/tokenizer2.c
> git show --textconv :sferard/srcs/minishell.h
> git ls-files --stage -- /home/user42/code/eval/minishell/sferard/srcs/minishell.h
> git show --textconv :sferard/srcs/evaluate1.c
> git ls-files --stage -- /home/user42/code/eval/minishell/sferard/srcs/evaluate1.c
> git show --textconv :sferard/srcs/env_var1.c
> git ls-files --stage -- /home/user42/code/eval/minishell/sferard/srcs/env_var1.c
> git show --textconv :sferard/srcs/evaluate1.c
> git ls-files --stage -- /home/user42/code/eval/minishell/sferard/srcs/evaluate1.c
> git show --textconv :sferard/srcs/evaluate2.c
> git ls-files --stage -- /home/user42/code/eval/minishell/sferard/srcs/evaluate2.c
> git show --textconv :sferard/srcs/evaluate3.c
> git ls-files --stage -- /home/user42/code/eval/minishell/sferard/srcs/evaluate3.c
> git show --textconv :sferard/srcs/evaluate1.c
> git ls-files --stage -- /home/user42/code/eval/minishell/sferard/srcs/evaluate1.c
> git show --textconv :sferard/srcs/history.c
> git ls-files --stage -- /home/user42/code/eval/minishell/sferard/srcs/history.c
> git show --textconv :sferard/srcs/builtin_env.c
> git ls-files --stage -- /home/user42/code/eval/minishell/sferard/srcs/builtin_env.c
> git show --textconv :sferard/srcs/builtin_exit.c
> git ls-files --stage -- /home/user42/code/eval/minishell/sferard/srcs/builtin_exit.c
> git show --textconv :sferard/srcs/builtin_cd1.c
> git ls-files --stage -- /home/user42/code/eval/minishell/sferard/srcs/builtin_cd1.c
> git show --textconv :sferard/srcs/builtin_cd2.c
> git ls-files --stage -- /home/user42/code/eval/minishell/sferard/srcs/builtin_cd2.c
