Logging level: Normal
Provided extension output folder does not exist: /home/user42/code/eval/minishell/sferard/.vscode.
Switching to default: ./.vscode.
Dropping various extension output files at /home/user42/code/eval/minishell/sferard/.vscode
Configurations cached at /home/user42/code/eval/minishell/sferard/.vscode/configurationCache.log
No path to the makefile is defined in the settings file
Always pre-configure: false
Dry-run switches: --always-make,--keep-going,--print-directory
Additional compiler names: 
Exclude compiler names: 
No current configuration is defined in the workspace state. Assuming 'Default'.
No target defined in the workspace state. Assuming 'Default'.
No current launch configuration is set in the workspace state.
Default launch configuration: MIMode = undefined,
                    miDebuggerPath = undefined,
                    stopAtEntry = undefined,
                    symbolSearchPath = undefined
Configure on open: true
Configure on edit: true
Configure after command: true
Only .PHONY targets: false
Save before build or configure: true
Build before launch: true
Clear output before build: true
Ignore directory commands: true
Deduced command 'make ' for configuration Default
Saving opened files before build.
Generating configuration cache with command: make --dry-run --always-make --keep-going --print-directory
Writing the dry-run output: /home/user42/code/eval/minishell/sferard/.vscode/dryrun.log
Generating dry-run elapsed time: 0.03
Preprocessing: "/home/user42/code/eval/minishell/sferard/.vscode/dryrun.log"
Preprocess elapsed time: 0
Parsing for IntelliSense.
Updating the CppTools IntelliSense Configuration Provider.
Parsing dry-run output for CppTools Custom Configuration Provider.
Sending configuration for file /home/user42/code/eval/minishell/sferard/srcs/minishell.c -----------------------------------
Sending configuration for file /home/user42/code/eval/minishell/sferard/srcs/env_var1.c -----------------------------------
Sending configuration for file /home/user42/code/eval/minishell/sferard/srcs/env_var2.c -----------------------------------
Sending configuration for file /home/user42/code/eval/minishell/sferard/srcs/env_var3.c -----------------------------------
Sending configuration for file /home/user42/code/eval/minishell/sferard/srcs/expansion.c -----------------------------------
Sending configuration for file /home/user42/code/eval/minishell/sferard/srcs/expansion_utils.c -----------------------------------
Sending configuration for file /home/user42/code/eval/minishell/sferard/srcs/expansion_handlers.c -----------------------------------
Sending configuration for file /home/user42/code/eval/minishell/sferard/srcs/tokenizer1.c -----------------------------------
Sending configuration for file /home/user42/code/eval/minishell/sferard/srcs/tokenizer2.c -----------------------------------
Sending configuration for file /home/user42/code/eval/minishell/sferard/srcs/tokenizer3.c -----------------------------------
Sending configuration for file /home/user42/code/eval/minishell/sferard/srcs/evaluate1.c -----------------------------------
Sending configuration for file /home/user42/code/eval/minishell/sferard/srcs/evaluate2.c -----------------------------------
Sending configuration for file /home/user42/code/eval/minishell/sferard/srcs/evaluate3.c -----------------------------------
Sending configuration for file /home/user42/code/eval/minishell/sferard/srcs/pipes.c -----------------------------------
Sending configuration for file /home/user42/code/eval/minishell/sferard/srcs/redirections.c -----------------------------------
Sending configuration for file /home/user42/code/eval/minishell/sferard/srcs/builtin_env.c -----------------------------------
Sending configuration for file /home/user42/code/eval/minishell/sferard/srcs/builtin_echo.c -----------------------------------
Sending configuration for file /home/user42/code/eval/minishell/sferard/srcs/builtin_export1.c -----------------------------------
Sending configuration for file /home/user42/code/eval/minishell/sferard/srcs/builtin_export2.c -----------------------------------
Sending configuration for file /home/user42/code/eval/minishell/sferard/srcs/builtin_unset.c -----------------------------------
Sending configuration for file /home/user42/code/eval/minishell/sferard/srcs/builtin_pwd.c -----------------------------------
Sending configuration for file /home/user42/code/eval/minishell/sferard/srcs/builtin_cd1.c -----------------------------------
Sending configuration for file /home/user42/code/eval/minishell/sferard/srcs/builtin_cd2.c -----------------------------------
Sending configuration for file /home/user42/code/eval/minishell/sferard/srcs/builtin_cd3.c -----------------------------------
Sending configuration for file /home/user42/code/eval/minishell/sferard/srcs/builtin_exit.c -----------------------------------
Sending configuration for file /home/user42/code/eval/minishell/sferard/srcs/run_executable1.c -----------------------------------
Sending configuration for file /home/user42/code/eval/minishell/sferard/srcs/run_executable2.c -----------------------------------
Sending configuration for file /home/user42/code/eval/minishell/sferard/srcs/run_executable3.c -----------------------------------
Sending configuration for file /home/user42/code/eval/minishell/sferard/srcs/run_executable4.c -----------------------------------
Sending configuration for file /home/user42/code/eval/minishell/sferard/srcs/child_processes.c -----------------------------------
Sending configuration for file /home/user42/code/eval/minishell/sferard/srcs/signals.c -----------------------------------
Sending configuration for file /home/user42/code/eval/minishell/sferard/srcs/get_line.c -----------------------------------
Sending configuration for file /home/user42/code/eval/minishell/sferard/srcs/termcaps.c -----------------------------------
Sending configuration for file /home/user42/code/eval/minishell/sferard/srcs/history.c -----------------------------------
Parsing for IntelliSense elapsed time: 0.075
Parsing for launch targets.
Found the following 1 launch targets defined in the makefile: /home/user42/code/eval/minishell/sferard>minishell()
Complete list of launch targets: /home/user42/code/eval/minishell/sferard>minishell()
Parsing for launch targets elapsed time: 0.036
Generating parse content for build targets.
Generating targets information with command: make all --print-data-base --no-builtin-variables --no-builtin-rules --question
Writing the dry-run output: /home/user42/code/eval/minishell/sferard/.vscode/targets.log
Generating dry-run elapsed time: 0.049
Parsing for build targets from: "/home/user42/code/eval/minishell/sferard/.vscode/targets.log"
Found the following 6 build targets defined in the makefile: all;clean;dev;fclean;minishell;re
Complete list of build targets: all;clean;dev;fclean;minishell;re
Parsing build targets elapsed time: 0.011
Configure finished. The status for all the subphases that ran:
loadFromCache: return code = -3, elapsed time = 0
generateParseContent: return code = 0, elapsed time = 0.03
preprocessParseContent: return code = 0, elapsed time = 0
parseIntelliSense: return code = 0, elapsed time = 0.075
parseLaunch: return code = 0, elapsed time = 0.036
dryrunTargets: return code = 2, elapsed time = 0.049
parseTargets: return code = 0, elapsed time = 0.011
Configure succeeded.
Configure elapsed time: 1.099
