[2021-06-08 16:29:02.527] [sharedprocess] [info] Deleted from disk ms-vscode.cpptools /home/user42/.vscode/extensions/ms-vscode.cpptools-1.3.0
[2021-06-08 16:29:04.395] [sharedprocess] [info] Installing extension: ms-azuretools.vscode-docker
[2021-06-08 16:29:04.398] [sharedprocess] [info] Installing extension: ms-vscode-remote.remote-containers
[2021-06-08 16:29:04.398] [sharedprocess] [info] Installing extension: ms-vscode.cpptools
[2021-06-08 16:29:04.414] [sharedprocess] [info] Installing extension: ms-vscode.makefile-tools
[2021-06-08 16:29:05.106] [sharedprocess] [info] Downloaded extension: ms-azuretools.vscode-docker /home/user42/.config/Code/CachedExtensionVSIXs/ms-azuretools.vscode-docker-1.13.0
[2021-06-08 16:29:05.107] [sharedprocess] [info] Downloaded extension: ms-vscode.makefile-tools /home/user42/.config/Code/CachedExtensionVSIXs/ms-vscode.makefile-tools-0.2.2
[2021-06-08 16:29:05.134] [sharedprocess] [info] Downloaded extension: ms-vscode-remote.remote-containers /home/user42/.config/Code/CachedExtensionVSIXs/ms-vscode-remote.remote-containers-0.177.2
[2021-06-08 16:29:05.392] [sharedprocess] [info] Downloaded extension: ms-vscode.cpptools /home/user42/.config/Code/CachedExtensionVSIXs/ms-vscode.cpptools-1.4.0
[2021-06-08 16:29:05.773] [sharedprocess] [info] Extracted extension to /home/user42/.vscode/extensions/.f8496094-6b7c-4344-b112-35cc9ddca01f: ms-azuretools.vscode-docker
[2021-06-08 16:29:05.816] [sharedprocess] [info] Renamed to /home/user42/.vscode/extensions/ms-azuretools.vscode-docker-1.13.0
[2021-06-08 16:29:05.835] [sharedprocess] [info] Installation completed. ms-azuretools.vscode-docker
[2021-06-08 16:29:06.000] [sharedprocess] [info] Extensions installed successfully: ms-azuretools.vscode-docker
[2021-06-08 16:29:06.852] [sharedprocess] [info] Extracted extension to /home/user42/.vscode/extensions/.bee75d5e-30ac-4021-9359-f580f2bd3dba: ms-vscode.cpptools
[2021-06-08 16:29:06.891] [sharedprocess] [info] Renamed to /home/user42/.vscode/extensions/ms-vscode.cpptools-1.4.0
[2021-06-08 16:29:06.898] [sharedprocess] [info] Installation completed. ms-vscode.cpptools
[2021-06-08 16:29:06.922] [sharedprocess] [info] Extensions installed successfully: ms-vscode.cpptools
[2021-06-08 16:29:07.092] [sharedprocess] [info] Extracted extension to /home/user42/.vscode/extensions/.d06df27f-1064-4ad0-89fc-8bd91ee03575: ms-vscode-remote.remote-containers
[2021-06-08 16:29:07.109] [sharedprocess] [info] Renamed to /home/user42/.vscode/extensions/ms-vscode-remote.remote-containers-0.177.2
[2021-06-08 16:29:07.115] [sharedprocess] [info] Installation completed. ms-vscode-remote.remote-containers
[2021-06-08 16:29:07.165] [sharedprocess] [info] Extensions installed successfully: ms-vscode-remote.remote-containers
[2021-06-08 16:29:07.625] [sharedprocess] [info] Extracted extension to /home/user42/.vscode/extensions/.f20e07b1-70ae-4072-acff-bebc56ef85ba: ms-vscode.makefile-tools
[2021-06-08 16:29:07.654] [sharedprocess] [info] Renamed to /home/user42/.vscode/extensions/ms-vscode.makefile-tools-0.2.2
[2021-06-08 16:29:07.656] [sharedprocess] [info] Installation completed. ms-vscode.makefile-tools
[2021-06-08 16:29:07.666] [sharedprocess] [info] Extensions installed successfully: ms-vscode.makefile-tools
[2021-06-08 16:29:41.978] [sharedprocess] [info] Starting to clean up unused language packs.
