[2021-11-22 07:26:05.483] [sharedprocess] [info] Uninstalling extension: ms-toolsai.jupyter
[2021-11-22 07:26:05.523] [sharedprocess] [info] Uninstalling extension: ms-toolsai.jupyter-keymap
[2021-11-22 07:26:05.523] [sharedprocess] [info] Uninstalling extension: ms-toolsai.jupyter-renderers
[2021-11-22 07:26:05.997] [sharedprocess] [info] Detected extension removed from another source ms-toolsai.jupyter
[2021-11-22 07:26:05.997] [sharedprocess] [info] Detected extension removed from another source ms-toolsai.jupyter-keymap
[2021-11-22 07:26:05.997] [sharedprocess] [info] Detected extension removed from another source ms-toolsai.jupyter-renderers
[2021-11-22 07:26:06.110] [sharedprocess] [info] Successfully uninstalled extension: ms-toolsai.jupyter-keymap
[2021-11-22 07:26:06.111] [sharedprocess] [info] Successfully uninstalled extension: ms-toolsai.jupyter
[2021-11-22 07:26:06.353] [sharedprocess] [info] Successfully uninstalled extension: ms-toolsai.jupyter-renderers
[2021-11-22 07:26:14.291] [sharedprocess] [info] Uninstalling extension: ms-python.vscode-pylance
[2021-11-22 07:26:14.599] [sharedprocess] [info] Detected extension removed from another source ms-python.vscode-pylance
[2021-11-22 07:26:14.830] [sharedprocess] [info] Successfully uninstalled extension: ms-python.vscode-pylance
[2021-11-22 07:26:17.068] [sharedprocess] [info] Uninstalling extension: ms-python.python
[2021-11-22 07:26:17.377] [sharedprocess] [info] Detected extension removed from another source ms-python.python
[2021-11-22 07:26:17.657] [sharedprocess] [info] Successfully uninstalled extension: ms-python.python
[2021-11-22 07:26:21.019] [sharedprocess] [info] Uninstalling extension: donjayamanne.python-environment-manager
[2021-11-22 07:26:21.303] [sharedprocess] [info] Detected extension removed from another source donjayamanne.python-environment-manager
[2021-11-22 07:26:21.353] [sharedprocess] [info] Successfully uninstalled extension: donjayamanne.python-environment-manager
[2021-11-22 07:26:23.526] [sharedprocess] [info] Uninstalling extension: kevinrose.vsc-python-indent
[2021-11-22 07:26:23.851] [sharedprocess] [info] Detected extension removed from another source kevinrose.vsc-python-indent
[2021-11-22 07:26:24.046] [sharedprocess] [info] Successfully uninstalled extension: kevinrose.vsc-python-indent
[2021-11-22 07:27:37.984] [sharedprocess] [info] Uninstalling extension: visualstudioexptteam.vscodeintellicode
[2021-11-22 07:27:38.290] [sharedprocess] [info] Detected extension removed from another source visualstudioexptteam.vscodeintellicode
[2021-11-22 07:27:38.512] [sharedprocess] [info] Successfully uninstalled extension: visualstudioexptteam.vscodeintellicode
