[2021-11-22 05:07:16.205] [settingssync] [info] Using settings sync service https://vscode-sync.trafficmanager.net/
[2021-11-22 05:07:16.205] [settingssync] [info] Auto Sync is enabled.
[2021-11-22 05:07:16.205] [settingssync] [info] Auto Sync: Suspended until auth token is available.
[2021-11-22 09:10:19.735] [settingssync] [info] Auto Sync: Started
[2021-11-22 09:10:19.736] [settingssync] [info] Auto Sync: Triggered by Interval
[2021-11-22 09:10:20.492] [settingssync] [info] Settings: Updated remote settings
[2021-11-22 09:10:20.501] [settingssync] [info] Settings: Updated last synchronized settings
[2021-11-22 09:10:20.532] [settingssync] [info] Keybindings: No changes found during synchronizing keybindings.
[2021-11-22 09:10:21.104] [settingssync] [info] Snippets: Updated remote snippets
[2021-11-22 09:10:21.113] [settingssync] [info] Snippets: Updated last synchronized snippets
[2021-11-22 09:10:21.471] [settingssync] [info] GlobalState: Updated remote ui state
[2021-11-22 09:10:21.479] [settingssync] [info] GlobalState: Updated last synchronized ui state
[2021-11-22 09:10:22.825] [settingssync] [info] Extensions: Updated remote extensions. Added: ["jeff-hykin.better-cpp-syntax","ms-vsliveshare.vsliveshare"]. Updated: ["eamodio.gitlens"]. Removed: ["2211896472.snippets","donjayamanne.python-environment-manager","kevinrose.vsc-python-indent","ms-python.python","ms-python.vscode-pylance","ms-toolsai.jupyter","ms-toolsai.jupyter-keymap","ms-toolsai.jupyter-renderers","ms-vscode.makefile-tools","visualstudioexptteam.vscodeintellicode"].
[2021-11-22 09:10:22.833] [settingssync] [info] Extensions: Updated last synchronized extensions.
[2021-11-22 09:10:22.834] [settingssync] [info] Sync done. Took 2646ms
[2021-11-22 09:10:22.835] [settingssync] [info] Auto Sync: Triggered by Activity
[2021-11-22 09:10:22.948] [settingssync] [info] Settings: No changes found during synchronizing settings.
[2021-11-22 09:10:22.950] [settingssync] [info] Keybindings: No changes found during synchronizing keybindings.
[2021-11-22 09:10:22.952] [settingssync] [info] Snippets: No changes found during synchronizing snippets.
[2021-11-22 09:10:22.962] [settingssync] [info] GlobalState: No changes found during synchronizing ui state.
[2021-11-22 09:10:23.047] [settingssync] [info] Extensions: No changes found during synchronizing extensions.
[2021-11-22 09:10:23.048] [settingssync] [info] Sync done. Took 158ms
[2021-11-22 09:11:00.267] [settingssync] [info] Auto Sync: Triggered by Activity
[2021-11-22 09:11:00.428] [settingssync] [info] Settings: No changes found during synchronizing settings.
[2021-11-22 09:11:00.432] [settingssync] [info] Keybindings: No changes found during synchronizing keybindings.
[2021-11-22 09:11:00.439] [settingssync] [info] Snippets: No changes found during synchronizing snippets.
[2021-11-22 09:11:00.459] [settingssync] [info] GlobalState: No changes found during synchronizing ui state.
[2021-11-22 09:11:00.587] [settingssync] [info] Extensions: No changes found during synchronizing extensions.
[2021-11-22 09:11:00.591] [settingssync] [info] Sync done. Took 255ms
[2021-11-22 09:11:14.976] [settingssync] [info] Auto Sync: Triggered by Activity
[2021-11-22 09:11:15.104] [settingssync] [info] Settings: No changes found during synchronizing settings.
[2021-11-22 09:11:15.106] [settingssync] [info] Keybindings: No changes found during synchronizing keybindings.
[2021-11-22 09:11:15.108] [settingssync] [info] Snippets: No changes found during synchronizing snippets.
[2021-11-22 09:11:15.120] [settingssync] [info] GlobalState: No changes found during synchronizing ui state.
[2021-11-22 09:11:15.202] [settingssync] [info] Extensions: No changes found during synchronizing extensions.
[2021-11-22 09:11:15.202] [settingssync] [info] Sync done. Took 175ms
[2021-11-22 09:11:20.136] [settingssync] [info] Auto Sync: Triggered by Activity
[2021-11-22 09:11:20.252] [settingssync] [info] Settings: No changes found during synchronizing settings.
[2021-11-22 09:11:20.260] [settingssync] [info] Keybindings: No changes found during synchronizing keybindings.
[2021-11-22 09:11:20.266] [settingssync] [info] Snippets: No changes found during synchronizing snippets.
[2021-11-22 09:11:20.708] [settingssync] [info] GlobalState: Updated remote ui state
[2021-11-22 09:11:20.720] [settingssync] [info] GlobalState: Updated last synchronized ui state
[2021-11-22 09:11:20.864] [settingssync] [info] Extensions: No changes found during synchronizing extensions.
[2021-11-22 09:11:20.871] [settingssync] [info] Sync done. Took 679ms
[2021-11-22 09:12:04.159] [settingssync] [info] Auto Sync: Triggered by Activity
[2021-11-22 09:12:04.309] [settingssync] [info] Settings: No changes found during synchronizing settings.
[2021-11-22 09:12:04.311] [settingssync] [info] Keybindings: No changes found during synchronizing keybindings.
[2021-11-22 09:12:04.315] [settingssync] [info] Snippets: No changes found during synchronizing snippets.
[2021-11-22 09:12:04.337] [settingssync] [info] GlobalState: No changes found during synchronizing ui state.
[2021-11-22 09:12:04.424] [settingssync] [info] Extensions: No changes found during synchronizing extensions.
[2021-11-22 09:12:04.425] [settingssync] [info] Sync done. Took 209ms
[2021-11-22 09:12:18.032] [settingssync] [info] Auto Sync: Triggered by Activity
[2021-11-22 09:12:18.194] [settingssync] [info] Settings: No changes found during synchronizing settings.
[2021-11-22 09:12:18.198] [settingssync] [info] Keybindings: No changes found during synchronizing keybindings.
[2021-11-22 09:12:18.204] [settingssync] [info] Snippets: No changes found during synchronizing snippets.
[2021-11-22 09:12:18.255] [settingssync] [info] GlobalState: No changes found during synchronizing ui state.
[2021-11-22 09:12:18.399] [settingssync] [info] Extensions: No changes found during synchronizing extensions.
[2021-11-22 09:12:18.407] [settingssync] [info] Sync done. Took 285ms
[2021-11-22 09:13:31.602] [settingssync] [info] Auto Sync: Triggered by Activity
[2021-11-22 09:13:31.714] [settingssync] [info] Settings: No changes found during synchronizing settings.
[2021-11-22 09:13:31.716] [settingssync] [info] Keybindings: No changes found during synchronizing keybindings.
[2021-11-22 09:13:31.720] [settingssync] [info] Snippets: No changes found during synchronizing snippets.
[2021-11-22 09:13:31.738] [settingssync] [info] GlobalState: No changes found during synchronizing ui state.
[2021-11-22 09:13:31.815] [settingssync] [info] Extensions: No changes found during synchronizing extensions.
[2021-11-22 09:13:31.816] [settingssync] [info] Sync done. Took 161ms
[2021-11-22 09:13:46.257] [settingssync] [info] Auto Sync: Triggered by Activity
[2021-11-22 09:13:46.674] [settingssync] [info] Settings: No changes found during synchronizing settings.
[2021-11-22 09:13:46.678] [settingssync] [info] Keybindings: No changes found during synchronizing keybindings.
[2021-11-22 09:13:46.684] [settingssync] [info] Snippets: No changes found during synchronizing snippets.
[2021-11-22 09:13:47.052] [settingssync] [info] GlobalState: Updated remote ui state
[2021-11-22 09:13:47.061] [settingssync] [info] GlobalState: Updated last synchronized ui state
[2021-11-22 09:13:47.190] [settingssync] [info] Extensions: No changes found during synchronizing extensions.
[2021-11-22 09:13:47.190] [settingssync] [info] Sync done. Took 580ms
