[Info  - 06:27:47.631] Reading sessions from keychain...
[Info  - 06:27:47.696] Getting sessions for all scopes...
[Info  - 06:27:47.808] Got 0 sessions for all scopes...
[Info  - 06:27:47.829] Getting sessions for all scopes...
[Info  - 06:27:47.830] Got 0 sessions for all scopes...
[Info  - 06:27:47.965] Getting sessions for read:user,user:email...
[Info  - 06:27:47.965] Got 0 sessions for read:user,user:email...
[Info  - 06:27:49.531] Getting sessions for repo...
[Info  - 06:27:49.531] Got 0 sessions for repo...
[Info  - 08:08:11.650] Getting sessions for all scopes...
[Info  - 08:08:11.650] Got 0 sessions for all scopes...
[Info  - 08:08:18.54] Getting sessions for all scopes...
[Info  - 08:08:18.55] Got 0 sessions for all scopes...
[Info  - 08:08:19.823] Logging in for the following scopes: user:email
[Trace  - 08:08:55.719] Handling Uri...
[Info  - 08:08:55.719] Exchanging code for token...
[Info  - 08:08:56.130] Token exchange success!
[Info  - 08:08:56.130] Getting user info...
[Info  - 08:08:56.440] Got account info!
[Info  - 08:08:56.441] Storing 1 sessions...
[Error  - 08:09:16.163] Setting token failed: Error: Cannot create an item in a locked collection
[Info  - 08:09:32.559] Getting sessions for all scopes...
[Info  - 08:09:32.560] Got 1 sessions for all scopes...
[Info  - 08:09:37.248] Getting sessions for all scopes...
[Info  - 08:09:37.248] Got 1 sessions for all scopes...
[Info  - 08:10:19.729] Getting sessions for all scopes...
[Info  - 08:10:19.729] Got 1 sessions for all scopes...
[Info  - 08:10:30.320] Getting sessions for all scopes...
[Info  - 08:10:30.321] Got 1 sessions for all scopes...
[Info  - 08:10:33.292] Logging in for the following scopes: repo
[Trace  - 08:10:58.302] Handling Uri...
[Info  - 08:10:58.302] Exchanging code for token...
[Info  - 08:10:58.853] Token exchange success!
[Info  - 08:10:58.853] Getting user info...
[Info  - 08:10:59.110] Got account info!
[Info  - 08:10:59.110] Storing 2 sessions...
[Error  - 08:11:15.263] Setting token failed: Error: Cannot create an item in a locked collection
[Info  - 08:11:15.299] Stored 2 sessions!
[Info  - 08:11:15.299] Login success!
[Info  - 08:11:15.329] Getting sessions for all scopes...
[Info  - 08:11:15.329] Getting sessions for all scopes...
[Info  - 08:11:15.329] Got 2 sessions for all scopes...
[Info  - 08:11:15.329] Got 2 sessions for all scopes...
[Info  - 08:11:15.330] Getting sessions for read:user,user:email...
[Info  - 08:11:15.330] Getting sessions for repo...
[Info  - 08:11:15.330] Got 0 sessions for read:user,user:email...
[Info  - 08:11:15.331] Got 1 sessions for repo...
[Info  - 08:11:17.807] Stored 2 sessions!
[Info  - 08:11:17.807] Login success!
[Info  - 08:11:17.813] Getting sessions for all scopes...
[Info  - 08:11:17.814] Got 2 sessions for all scopes...
[Info  - 08:11:17.815] Getting sessions for read:user,user:email...
[Info  - 08:11:17.815] Getting sessions for repo...
[Info  - 08:11:17.815] Got 0 sessions for read:user,user:email...
[Info  - 08:11:17.815] Got 1 sessions for repo...
[Info  - 08:12:04.150] Getting sessions for all scopes...
[Info  - 08:12:04.150] Got 2 sessions for all scopes...
[Info  - 08:12:08.832] Logging in for the following scopes: read:user user:email
[Trace  - 08:12:16.16] Handling Uri...
[Info  - 08:12:16.16] Exchanging code for token...
[Info  - 08:12:16.617] Token exchange success!
[Info  - 08:12:16.617] Getting user info...
[Info  - 08:12:16.858] Got account info!
[Info  - 08:12:16.858] Storing 3 sessions...
[Error  - 08:12:20.487] Setting token failed: Error: Cannot create an item in a locked collection
[Info  - 08:13:31.451] Getting sessions for all scopes...
[Info  - 08:13:31.451] Got 3 sessions for all scopes...
[Info  - 08:13:34.528] Logging in for the following scopes: read:user user:email
[Trace  - 08:13:38.610] Handling Uri...
[Info  - 08:13:38.611] Exchanging code for token...
[Info  - 08:13:39.62] Token exchange success!
[Info  - 08:13:39.62] Getting user info...
[Info  - 08:13:39.302] Got account info!
[Info  - 08:13:39.302] Storing 3 sessions...
[Error  - 08:13:43.821] Setting token failed: Error: Cannot create an item in a locked collection
[Info  - 08:13:43.907] Stored 3 sessions!
[Info  - 08:13:43.907] Login success!
[Info  - 08:13:43.947] Getting sessions for all scopes...
[Info  - 08:13:43.947] Got 3 sessions for all scopes...
[Info  - 08:13:43.949] Getting sessions for read:user,user:email...
[Info  - 08:13:43.949] Got 1 sessions for read:user,user:email...
[Error  - 08:13:52.989] Canceled: Canceled
