[2021-04-16 22:33:26.500] [exthost] [info] extension host started
[2021-04-16 22:33:26.633] [exthost] [info] ExtensionService#_doActivateExtension vscode.microsoft-authentication {"startup":false,"extensionId":{"value":"vscode.microsoft-authentication","_lower":"vscode.microsoft-authentication"},"activationEvent":"onAuthenticationRequest:microsoft"}
[2021-04-16 22:33:26.633] [exthost] [info] ExtensionService#loadCommonJSModule file:///usr/share/code/resources/app/extensions/microsoft-authentication/dist/extension.js
[2021-04-16 22:33:26.663] [exthost] [info] ExtensionService#_doActivateExtension ms-vscode.cpptools {"startup":false,"extensionId":{"value":"ms-vscode.cpptools","_lower":"ms-vscode.cpptools"},"activationEvent":"onLanguage:c"}
[2021-04-16 22:33:26.663] [exthost] [info] ExtensionService#loadCommonJSModule file:///home/user42/.vscode/extensions/ms-vscode.cpptools-1.3.0/dist/main
[2021-04-16 22:33:26.808] [exthost] [info] ExtensionService#_doActivateExtension vscode.debug-auto-launch {"startup":true,"extensionId":{"value":"vscode.debug-auto-launch","_lower":"vscode.debug-auto-launch"},"activationEvent":"*"}
[2021-04-16 22:33:26.808] [exthost] [info] ExtensionService#loadCommonJSModule file:///usr/share/code/resources/app/extensions/debug-auto-launch/dist/extension
[2021-04-16 22:33:26.816] [exthost] [info] ExtensionService#_doActivateExtension vscode.git {"startup":true,"extensionId":{"value":"vscode.github","_lower":"vscode.github"},"activationEvent":"*"}
[2021-04-16 22:33:26.816] [exthost] [info] ExtensionService#loadCommonJSModule file:///usr/share/code/resources/app/extensions/git/dist/main
[2021-04-16 22:33:26.850] [exthost] [info] ExtensionService#_doActivateExtension ms-vscode.makefile-tools {"startup":true,"extensionId":{"value":"ms-vscode.makefile-tools","_lower":"ms-vscode.makefile-tools"},"activationEvent":"workspaceContains:Makefile"}
[2021-04-16 22:33:26.850] [exthost] [info] ExtensionService#loadCommonJSModule file:///home/user42/.vscode/extensions/ms-vscode.makefile-tools-0.2.0/out/src/extension.js
[2021-04-16 22:33:27.346] [exthost] [info] ExtensionService#_doActivateExtension vscode.github {"startup":true,"extensionId":{"value":"vscode.github","_lower":"vscode.github"},"activationEvent":"*"}
[2021-04-16 22:33:27.346] [exthost] [info] ExtensionService#loadCommonJSModule file:///usr/share/code/resources/app/extensions/github/dist/extension.js
[2021-04-16 22:33:27.425] [exthost] [info] ExtensionService#_doActivateExtension ms-vscode.js-debug {"startup":false,"extensionId":{"value":"ms-vscode.js-debug","_lower":"ms-vscode.js-debug"},"activationEvent":"onCommand:extension.js-debug.clearAutoAttachVariables"}
[2021-04-16 22:33:27.425] [exthost] [info] ExtensionService#loadCommonJSModule file:///usr/share/code/resources/app/extensions/ms-vscode.js-debug/src/extension.js
[2021-04-16 22:33:27.841] [exthost] [info] ExtensionService#_doActivateExtension vscode.github-authentication {"startup":false,"extensionId":{"value":"vscode.github-authentication","_lower":"vscode.github-authentication"},"activationEvent":"onAuthenticationRequest:github"}
[2021-04-16 22:33:27.841] [exthost] [info] ExtensionService#loadCommonJSModule file:///usr/share/code/resources/app/extensions/github-authentication/dist/extension.js
[2021-04-16 22:33:28.119] [exthost] [info] eager extensions activated
[2021-04-16 22:33:28.137] [exthost] [info] ExtensionService#_doActivateExtension vscode.emmet {"startup":false,"extensionId":{"value":"vscode.emmet","_lower":"vscode.emmet"},"activationEvent":"onStartupFinished"}
[2021-04-16 22:33:28.137] [exthost] [info] ExtensionService#loadCommonJSModule file:///usr/share/code/resources/app/extensions/emmet/dist/node/emmetNodeMain
[2021-04-16 22:33:28.147] [exthost] [info] ExtensionService#_doActivateExtension vscode.merge-conflict {"startup":false,"extensionId":{"value":"vscode.merge-conflict","_lower":"vscode.merge-conflict"},"activationEvent":"onStartupFinished"}
[2021-04-16 22:33:28.148] [exthost] [info] ExtensionService#loadCommonJSModule file:///usr/share/code/resources/app/extensions/merge-conflict/dist/mergeConflictMain
[2021-04-16 22:33:28.153] [exthost] [info] ExtensionService#_doActivateExtension vscode.testing-editor-contributions {"startup":false,"extensionId":{"value":"vscode.testing-editor-contributions","_lower":"vscode.testing-editor-contributions"},"activationEvent":"onStartupFinished"}
[2021-04-16 22:33:28.153] [exthost] [info] ExtensionService#loadCommonJSModule file:///usr/share/code/resources/app/extensions/testing-editor-contributions/dist/extension.js
[2021-04-16 22:33:28.599] [exthost] [error] [ms-vscode.cpptools] provider FAILED
[2021-04-16 22:33:28.599] [exthost] [error] undefined
[2021-04-16 22:33:28.599] [exthost] [error] [ms-vscode.cpptools] provider FAILED
[2021-04-16 22:33:28.599] [exthost] [error] undefined
[2021-04-16 22:33:37.514] [exthost] [error] [ms-vscode.cpptools] provider FAILED
[2021-04-16 22:33:37.514] [exthost] [error] undefined
[2021-04-16 22:33:39.408] [exthost] [error] [ms-vscode.cpptools] provider FAILED
[2021-04-16 22:33:39.408] [exthost] [error] undefined
[2021-04-16 22:33:48.890] [exthost] [info] extension host terminating: received terminate message from renderer
[2021-04-16 22:33:48.936] [exthost] [error] [ms-vscode.cpptools] provider FAILED
[2021-04-16 22:33:48.936] [exthost] [error] Error: Connection got disposed.
	at Object.dispose (/home/user42/.vscode/extensions/ms-vscode.cpptools-1.3.0/dist/main.js:50165:25)
	at Object.dispose (/home/user42/.vscode/extensions/ms-vscode.cpptools-1.3.0/dist/main.js:51085:35)
	at /home/user42/.vscode/extensions/ms-vscode.cpptools-1.3.0/dist/main.js:53079:28
	at async Promise.all (index 9)
	at async h.deactivateAll (/usr/share/code/resources/app/out/vs/workbench/services/extensions/node/extensionHostProcess.js:91:9472)
[2021-04-16 22:33:49.899] [exthost] [info] exiting with code 0
