[2021-11-22 08:14:11.326] [exthost] [info] Extension host with pid 21458 started
[2021-11-22 08:14:11.326] [exthost] [info] Skipping acquiring lock for /home/user42/.config/Code/User/workspaceStorage/b265767bfc554a7fb831e42d79d75ab3.
[2021-11-22 08:14:11.516] [exthost] [info] ExtensionService#_doActivateExtension vscode.microsoft-authentication, startup: false, activationEvent: 'onAuthenticationRequest:microsoft'
[2021-11-22 08:14:11.574] [exthost] [info] ExtensionService#_doActivateExtension vscode.debug-auto-launch, startup: true, activationEvent: '*'
[2021-11-22 08:14:11.578] [exthost] [info] ExtensionService#_doActivateExtension vscode.git, startup: true, activationEvent: '*', root cause: vscode.github
[2021-11-22 08:14:11.659] [exthost] [info] ExtensionService#_doActivateExtension donjayamanne.githistory, startup: true, activationEvent: '*'
[2021-11-22 08:14:11.703] [exthost] [info] ExtensionService#_doActivateExtension ms-vsliveshare.vsliveshare, startup: true, activationEvent: '*'
[2021-11-22 08:14:12.605] [exthost] [info] ExtensionService#_doActivateExtension vscode.github-authentication, startup: false, activationEvent: 'onAuthenticationRequest:github'
[2021-11-22 08:14:13.434] [exthost] [info] ExtensionService#_doActivateExtension vscode.github, startup: true, activationEvent: '*'
[2021-11-22 08:14:13.448] [exthost] [info] Eager extensions activated
[2021-11-22 08:14:13.476] [exthost] [info] ExtensionService#_doActivateExtension vscode.merge-conflict, startup: false, activationEvent: 'onStartupFinished'
[2021-11-22 08:14:13.481] [exthost] [info] ExtensionService#_doActivateExtension eamodio.gitlens, startup: false, activationEvent: 'onStartupFinished'
[2021-11-22 08:14:13.530] [exthost] [info] ExtensionService#_doActivateExtension ms-vscode-remote.remote-containers, startup: false, activationEvent: 'onStartupFinished'
[2021-11-22 08:20:53.485] [exthost] [info] ExtensionService#_doActivateExtension vscode.configuration-editing, startup: false, activationEvent: 'onLanguage:jsonc'
[2021-11-22 08:20:53.491] [exthost] [info] ExtensionService#_doActivateExtension vscode.json-language-features, startup: false, activationEvent: 'onLanguage:jsonc'
[2021-11-22 08:20:53.515] [exthost] [info] ExtensionService#_doActivateExtension vscode.typescript-language-features, startup: false, activationEvent: 'onLanguage:jsonc'
[2021-11-22 08:37:17.644] [exthost] [info] ExtensionService#_doActivateExtension cschlosser.doxdocgen, startup: false, activationEvent: 'onLanguage:cpp'
[2021-11-22 08:37:17.828] [exthost] [info] ExtensionService#_doActivateExtension ms-vscode.cpptools, startup: false, activationEvent: 'onLanguage:cpp'
[2021-11-22 08:37:32.197] [exthost] [warning] TextEditor is closed/disposed
[2021-11-22 08:38:06.004] [exthost] [warning] TextEditor is closed/disposed
[2021-11-22 08:38:45.997] [exthost] [warning] TextEditor is closed/disposed
[2021-11-22 08:39:40.890] [exthost] [warning] TextEditor is closed/disposed
[2021-11-22 08:40:57.873] [exthost] [warning] TextEditor is closed/disposed
[2021-11-22 08:41:54.355] [exthost] [warning] TextEditor is closed/disposed
