[Info  - 08:14:12.638] Reading sessions from keychain...
[Trace  - 08:14:12.662] Handling Uri...
[Info  - 08:14:12.663] Getting sessions for all scopes...
[Info  - 08:14:12.697] Got 0 sessions for all scopes...
[Info  - 08:14:12.882] Getting sessions for all scopes...
[Info  - 08:14:12.882] Got 0 sessions for all scopes...
[Info  - 08:14:13.446] Getting sessions for read:user,user:email...
[Info  - 08:14:13.446] Got 0 sessions for read:user,user:email...
[Info  - 08:14:15.273] Getting sessions for repo...
[Info  - 08:14:15.273] Got 0 sessions for repo...
[Info  - 08:20:36.855] Getting sessions for all scopes...
[Info  - 08:20:36.855] Got 0 sessions for all scopes...
[Info  - 08:20:38.891] Getting sessions for all scopes...
[Info  - 08:20:38.891] Got 0 sessions for all scopes...
[Info  - 08:20:40.454] Logging in for the following scopes: user:email
[Trace  - 08:20:45.251] Handling Uri...
[Info  - 08:20:45.251] Exchanging code for token...
[Info  - 08:20:45.855] Token exchange success!
[Info  - 08:20:45.855] Getting user info...
[Info  - 08:20:46.79] Got account info!
[Info  - 08:20:46.80] Storing 1 sessions...
[Info  - 08:20:52.588] Reading sessions from keychain...
[Info  - 08:20:52.588] Stored 1 sessions!
[Info  - 08:20:52.588] Login success!
[Info  - 08:20:52.596] Getting sessions for all scopes...
[Info  - 08:20:52.596] Getting sessions for all scopes...
[Trace  - 08:20:52.596] Token acquired from secret storage.
[Info  - 08:20:52.596] Got stored sessions!
[Trace  - 08:20:52.596] Read the following session from the keychain with the following scopes: user:email
[Info  - 08:20:52.596] Got 1 verified sessions.
[Info  - 08:20:52.596] Got 1 sessions for all scopes...
[Info  - 08:20:52.596] Got 1 sessions for all scopes...
[Info  - 08:20:52.600] Getting sessions for read:user,user:email...
[Info  - 08:20:52.600] Getting sessions for repo...
[Info  - 08:20:52.600] Got 0 sessions for read:user,user:email...
[Info  - 08:20:52.600] Got 0 sessions for repo...
[Info  - 08:20:54.384] Getting sessions for all scopes...
[Info  - 08:20:54.384] Got 1 sessions for all scopes...
[Info  - 08:20:58.794] Logging in for the following scopes: repo
[Trace  - 08:21:03.37] Handling Uri...
[Info  - 08:21:03.37] Exchanging code for token...
[Info  - 08:21:03.644] Token exchange success!
[Info  - 08:21:03.644] Getting user info...
[Info  - 08:21:04.17] Got account info!
[Info  - 08:21:04.18] Storing 2 sessions...
[Info  - 08:21:04.41] Reading sessions from keychain...
[Info  - 08:21:04.42] Stored 2 sessions!
[Info  - 08:21:04.42] Login success!
[Info  - 08:21:04.59] Getting sessions for all scopes...
[Info  - 08:21:04.62] Getting sessions for read:user,user:email...
[Info  - 08:21:04.62] Getting sessions for repo...
[Trace  - 08:21:04.70] Token acquired from secret storage.
[Info  - 08:21:04.70] Got stored sessions!
[Trace  - 08:21:04.71] Read the following session from the keychain with the following scopes: user:email
[Trace  - 08:21:04.71] Read the following session from the keychain with the following scopes: repo
[Info  - 08:21:04.71] Got 2 verified sessions.
[Info  - 08:21:04.71] Got 2 sessions for all scopes...
[Info  - 08:21:04.71] Got 0 sessions for read:user,user:email...
[Info  - 08:21:04.71] Got 1 sessions for repo...
[Info  - 08:21:04.593] Getting sessions for all scopes...
[Info  - 08:21:04.593] Got 2 sessions for all scopes...
[Info  - 08:21:05.605] Logging in for the following scopes: read:user user:email
[Trace  - 08:21:09.983] Handling Uri...
[Info  - 08:21:09.983] Exchanging code for token...
[Info  - 08:21:10.404] Token exchange success!
[Info  - 08:21:10.405] Getting user info...
[Info  - 08:21:10.673] Got account info!
[Info  - 08:21:10.673] Storing 3 sessions...
[Info  - 08:21:10.710] Reading sessions from keychain...
[Info  - 08:21:10.711] Stored 3 sessions!
[Info  - 08:21:10.711] Login success!
[Info  - 08:21:10.726] Getting sessions for all scopes...
[Trace  - 08:21:10.727] Token acquired from secret storage.
[Info  - 08:21:10.727] Got stored sessions!
[Trace  - 08:21:10.727] Read the following session from the keychain with the following scopes: user:email
[Trace  - 08:21:10.727] Read the following session from the keychain with the following scopes: repo
[Trace  - 08:21:10.727] Read the following session from the keychain with the following scopes: read:user,user:email
[Info  - 08:21:10.727] Got 3 verified sessions.
[Info  - 08:21:10.728] Got 3 sessions for all scopes...
[Info  - 08:21:10.728] Getting sessions for read:user,user:email...
[Info  - 08:21:10.728] Got 1 sessions for read:user,user:email...
[Info  - 08:21:11.366] Getting sessions for all scopes...
[Info  - 08:21:11.366] Got 3 sessions for all scopes...
[Info  - 08:21:22.728] Getting sessions for all scopes...
[Info  - 08:21:22.729] Got 3 sessions for all scopes...
