Looking for git in: git
Using git 2.17.1 from git
> git rev-parse --git-dir
Open repository: /home/user42/code/eval/push_swap/ldutriez
> git status -z -u
> git symbolic-ref --short HEAD
> git for-each-ref --format=%(refname)%00%(upstream:short)%00%(objectname)%00%(upstream:track) refs/heads/master refs/remotes/master
> git for-each-ref --sort -committerdate --format %(refname) %(objectname) %(*objectname)
> git remote --verbose
Warning: Failed to watch ref '/home/user42/code/eval/push_swap/ldutriez/.git/refs/remotes/origin/master', is most likely packed.
> git config --get commit.template
> git check-ignore -v -z --stdin
> git show --textconv :srcs/push_swap/push_swap_engine.c
> git ls-files --stage -- /home/user42/code/eval/push_swap/ldutriez/srcs/push_swap/push_swap_engine.c
> git cat-file -s fb8a1955a278d98aa8e284d52436867647aef7ae
> git show --textconv :srcs/push_swap/push_swap_load.c
> git ls-files --stage -- /home/user42/code/eval/push_swap/ldutriez/srcs/push_swap/push_swap_load.c
> git cat-file -s 0c0c613a0e9e0c6b4a451fac97fa1d338b284761
> git show --textconv :srcs/push_swap/push_swap_main.c
> git ls-files --stage -- /home/user42/code/eval/push_swap/ldutriez/srcs/push_swap/push_swap_main.c
> git cat-file -s 0db1b411aa55f846667030a6c9a905a468e4ed65
> git show --textconv :srcs/push_swap/push_swap_parsing.c
> git ls-files --stage -- /home/user42/code/eval/push_swap/ldutriez/srcs/push_swap/push_swap_parsing.c
> git cat-file -s 280a81e8c2719d11aace3174c712b8ea7e04c68d
> git show --textconv :srcs/push_swap/push_swap_main.c
> git ls-files --stage -- /home/user42/code/eval/push_swap/ldutriez/srcs/push_swap/push_swap_main.c
> git cat-file -s 0db1b411aa55f846667030a6c9a905a468e4ed65
> git show --textconv :srcs/push_swap/push_swap_peculiar_cases.c
> git ls-files --stage -- /home/user42/code/eval/push_swap/ldutriez/srcs/push_swap/push_swap_peculiar_cases.c
> git cat-file -s bde2670ae600619ddbe896b1dc744b56371bbad6
> git show --textconv :srcs/push_swap/push_swap_load.c
> git ls-files --stage -- /home/user42/code/eval/push_swap/ldutriez/srcs/push_swap/push_swap_load.c
> git cat-file -s 0c0c613a0e9e0c6b4a451fac97fa1d338b284761
> git show --textconv :srcs/push_swap/push_swap_parsing.c
> git ls-files --stage -- /home/user42/code/eval/push_swap/ldutriez/srcs/push_swap/push_swap_parsing.c
> git cat-file -s 280a81e8c2719d11aace3174c712b8ea7e04c68d
> git show --textconv :srcs/push_swap/push_swap_peculiar_cases.c
> git ls-files --stage -- /home/user42/code/eval/push_swap/ldutriez/srcs/push_swap/push_swap_peculiar_cases.c
> git cat-file -s bde2670ae600619ddbe896b1dc744b56371bbad6
> git show --textconv :srcs/push_swap/push_swap_engine.c
> git ls-files --stage -- /home/user42/code/eval/push_swap/ldutriez/srcs/push_swap/push_swap_engine.c
> git cat-file -s fb8a1955a278d98aa8e284d52436867647aef7ae
> git check-ignore -v -z --stdin
