[2021-04-18 23:41:37.613] [exthost] [info] extension host started
[2021-04-18 23:41:37.774] [exthost] [info] ExtensionService#_doActivateExtension vscode.microsoft-authentication {"startup":false,"extensionId":{"value":"vscode.microsoft-authentication","_lower":"vscode.microsoft-authentication"},"activationEvent":"onAuthenticationRequest:microsoft"}
[2021-04-18 23:41:37.774] [exthost] [info] ExtensionService#loadCommonJSModule file:///usr/share/code/resources/app/extensions/microsoft-authentication/dist/extension.js
[2021-04-18 23:41:37.796] [exthost] [info] ExtensionService#_doActivateExtension ms-vscode.cpptools {"startup":false,"extensionId":{"value":"ms-vscode.cpptools","_lower":"ms-vscode.cpptools"},"activationEvent":"onLanguage:c"}
[2021-04-18 23:41:37.797] [exthost] [info] ExtensionService#loadCommonJSModule file:///home/user42/.vscode/extensions/ms-vscode.cpptools-1.3.0/dist/main
[2021-04-18 23:41:37.984] [exthost] [info] ExtensionService#_doActivateExtension vscode.debug-auto-launch {"startup":true,"extensionId":{"value":"vscode.debug-auto-launch","_lower":"vscode.debug-auto-launch"},"activationEvent":"*"}
[2021-04-18 23:41:37.984] [exthost] [info] ExtensionService#loadCommonJSModule file:///usr/share/code/resources/app/extensions/debug-auto-launch/dist/extension
[2021-04-18 23:41:37.991] [exthost] [info] ExtensionService#_doActivateExtension vscode.git {"startup":true,"extensionId":{"value":"vscode.github","_lower":"vscode.github"},"activationEvent":"*"}
[2021-04-18 23:41:37.991] [exthost] [info] ExtensionService#loadCommonJSModule file:///usr/share/code/resources/app/extensions/git/dist/main
[2021-04-18 23:41:38.038] [exthost] [info] ExtensionService#_doActivateExtension ms-vscode.makefile-tools {"startup":true,"extensionId":{"value":"ms-vscode.makefile-tools","_lower":"ms-vscode.makefile-tools"},"activationEvent":"workspaceContains:Makefile"}
[2021-04-18 23:41:38.039] [exthost] [info] ExtensionService#loadCommonJSModule file:///home/user42/.vscode/extensions/ms-vscode.makefile-tools-0.2.0/out/src/extension.js
[2021-04-18 23:41:38.698] [exthost] [info] ExtensionService#_doActivateExtension vscode.github {"startup":true,"extensionId":{"value":"vscode.github","_lower":"vscode.github"},"activationEvent":"*"}
[2021-04-18 23:41:38.698] [exthost] [info] ExtensionService#loadCommonJSModule file:///usr/share/code/resources/app/extensions/github/dist/extension.js
[2021-04-18 23:41:38.827] [exthost] [info] ExtensionService#_doActivateExtension ms-vscode.js-debug {"startup":false,"extensionId":{"value":"ms-vscode.js-debug","_lower":"ms-vscode.js-debug"},"activationEvent":"onCommand:extension.js-debug.clearAutoAttachVariables"}
[2021-04-18 23:41:38.827] [exthost] [info] ExtensionService#loadCommonJSModule file:///usr/share/code/resources/app/extensions/ms-vscode.js-debug/src/extension.js
[2021-04-18 23:41:39.567] [exthost] [info] ExtensionService#_doActivateExtension vscode.github-authentication {"startup":false,"extensionId":{"value":"vscode.github-authentication","_lower":"vscode.github-authentication"},"activationEvent":"onAuthenticationRequest:github"}
[2021-04-18 23:41:39.567] [exthost] [info] ExtensionService#loadCommonJSModule file:///usr/share/code/resources/app/extensions/github-authentication/dist/extension.js
[2021-04-18 23:41:39.855] [exthost] [info] eager extensions activated
[2021-04-18 23:41:39.928] [exthost] [info] ExtensionService#_doActivateExtension vscode.emmet {"startup":false,"extensionId":{"value":"vscode.emmet","_lower":"vscode.emmet"},"activationEvent":"onStartupFinished"}
[2021-04-18 23:41:39.928] [exthost] [info] ExtensionService#loadCommonJSModule file:///usr/share/code/resources/app/extensions/emmet/dist/node/emmetNodeMain
[2021-04-18 23:41:39.948] [exthost] [info] ExtensionService#_doActivateExtension vscode.merge-conflict {"startup":false,"extensionId":{"value":"vscode.merge-conflict","_lower":"vscode.merge-conflict"},"activationEvent":"onStartupFinished"}
[2021-04-18 23:41:39.949] [exthost] [info] ExtensionService#loadCommonJSModule file:///usr/share/code/resources/app/extensions/merge-conflict/dist/mergeConflictMain
[2021-04-18 23:41:39.955] [exthost] [info] ExtensionService#_doActivateExtension vscode.testing-editor-contributions {"startup":false,"extensionId":{"value":"vscode.testing-editor-contributions","_lower":"vscode.testing-editor-contributions"},"activationEvent":"onStartupFinished"}
[2021-04-18 23:41:39.955] [exthost] [info] ExtensionService#loadCommonJSModule file:///usr/share/code/resources/app/extensions/testing-editor-contributions/dist/extension.js
[2021-04-18 23:41:40.381] [exthost] [error] [ms-vscode.cpptools] provider FAILED
[2021-04-18 23:41:40.381] [exthost] [error] undefined
[2021-04-18 23:41:57.582] [exthost] [error] [ms-vscode.cpptools] provider FAILED
[2021-04-18 23:41:57.582] [exthost] [error] undefined
[2021-04-18 23:42:14.486] [exthost] [error] [ms-vscode.cpptools] provider FAILED
[2021-04-18 23:42:14.486] [exthost] [error] undefined
[2021-04-18 23:42:25.245] [exthost] [error] [ms-vscode.cpptools] provider FAILED
[2021-04-18 23:42:25.245] [exthost] [error] undefined
[2021-04-18 23:42:32.160] [exthost] [error] [ms-vscode.cpptools] provider FAILED
[2021-04-18 23:42:32.160] [exthost] [error] undefined
[2021-04-18 23:42:57.360] [exthost] [info] ExtensionService#_doActivateExtension ms-vscode-remote.remote-containers {"startup":false,"extensionId":{"value":"ms-vscode-remote.remote-containers","_lower":"ms-vscode-remote.remote-containers"},"activationEvent":"onStartupFinished"}
[2021-04-18 23:42:57.360] [exthost] [info] ExtensionService#loadCommonJSModule file:///home/user42/.vscode/extensions/ms-vscode-remote.remote-containers-0.166.1/dist/extension/extension
[2021-04-18 23:43:49.497] [exthost] [error] [ms-vscode.cpptools] provider FAILED
[2021-04-18 23:43:49.497] [exthost] [error] undefined
[2021-04-18 23:44:00.885] [exthost] [error] [ms-vscode.cpptools] provider FAILED
[2021-04-18 23:44:00.885] [exthost] [error] undefined
[2021-04-18 23:44:36.894] [exthost] [error] [ms-vscode.cpptools] provider FAILED
[2021-04-18 23:44:36.894] [exthost] [error] undefined
[2021-04-18 23:45:00.431] [exthost] [error] [ms-vscode.cpptools] provider FAILED
[2021-04-18 23:45:00.431] [exthost] [error] undefined
[2021-04-18 23:45:17.377] [exthost] [error] [ms-vscode.cpptools] provider FAILED
[2021-04-18 23:45:17.377] [exthost] [error] undefined
[2021-04-18 23:45:42.141] [exthost] [error] [ms-vscode.cpptools] provider FAILED
[2021-04-18 23:45:42.141] [exthost] [error] undefined
[2021-04-18 23:45:46.740] [exthost] [error] [ms-vscode.cpptools] provider FAILED
[2021-04-18 23:45:46.740] [exthost] [error] undefined
[2021-04-18 23:45:54.363] [exthost] [error] [ms-vscode.cpptools] provider FAILED
[2021-04-18 23:45:54.363] [exthost] [error] undefined
[2021-04-18 23:46:04.255] [exthost] [error] [ms-vscode.cpptools] provider FAILED
[2021-04-18 23:46:04.255] [exthost] [error] undefined
[2021-04-18 23:46:14.956] [exthost] [error] [ms-vscode.cpptools] provider FAILED
[2021-04-18 23:46:14.956] [exthost] [error] undefined
[2021-04-18 23:46:25.375] [exthost] [error] [ms-vscode.cpptools] provider FAILED
[2021-04-18 23:46:25.375] [exthost] [error] undefined
[2021-04-18 23:46:28.972] [exthost] [error] [ms-vscode.cpptools] provider FAILED
[2021-04-18 23:46:28.972] [exthost] [error] undefined
[2021-04-18 23:46:44.671] [exthost] [error] [ms-vscode.cpptools] provider FAILED
[2021-04-18 23:46:44.671] [exthost] [error] undefined
[2021-04-18 23:46:53.036] [exthost] [error] [ms-vscode.cpptools] provider FAILED
[2021-04-18 23:46:53.036] [exthost] [error] undefined
[2021-04-18 23:47:02.130] [exthost] [error] [ms-vscode.cpptools] provider FAILED
[2021-04-18 23:47:02.130] [exthost] [error] undefined
[2021-04-18 23:47:10.752] [exthost] [error] [ms-vscode.cpptools] provider FAILED
[2021-04-18 23:47:10.752] [exthost] [error] undefined
[2021-04-18 23:47:19.883] [exthost] [error] [ms-vscode.cpptools] provider FAILED
[2021-04-18 23:47:19.883] [exthost] [error] undefined
[2021-04-18 23:47:27.896] [exthost] [error] [ms-vscode.cpptools] provider FAILED
[2021-04-18 23:47:27.896] [exthost] [error] undefined
[2021-04-18 23:47:33.509] [exthost] [error] [ms-vscode.cpptools] provider FAILED
[2021-04-18 23:47:33.509] [exthost] [error] undefined
[2021-04-18 23:49:13.135] [exthost] [error] [ms-vscode.cpptools] provider FAILED
[2021-04-18 23:49:13.135] [exthost] [error] undefined
[2021-04-18 23:49:26.542] [exthost] [error] [ms-vscode.cpptools] provider FAILED
[2021-04-18 23:49:26.542] [exthost] [error] undefined
[2021-04-18 23:49:39.954] [exthost] [error] [ms-vscode.cpptools] provider FAILED
[2021-04-18 23:49:39.954] [exthost] [error] undefined
[2021-04-18 23:49:48.810] [exthost] [error] [ms-vscode.cpptools] provider FAILED
[2021-04-18 23:49:48.810] [exthost] [error] undefined
[2021-04-18 23:50:12.404] [exthost] [error] [ms-vscode.cpptools] provider FAILED
[2021-04-18 23:50:12.404] [exthost] [error] undefined
[2021-04-18 23:51:10.769] [exthost] [error] [ms-vscode.cpptools] provider FAILED
[2021-04-18 23:51:10.769] [exthost] [error] undefined
[2021-04-18 23:51:44.078] [exthost] [error] [ms-vscode.cpptools] provider FAILED
[2021-04-18 23:51:44.078] [exthost] [error] undefined
[2021-04-18 23:51:49.624] [exthost] [error] [ms-vscode.cpptools] provider FAILED
[2021-04-18 23:51:49.624] [exthost] [error] undefined
[2021-04-18 23:52:10.903] [exthost] [error] [ms-vscode.cpptools] provider FAILED
[2021-04-18 23:52:10.903] [exthost] [error] undefined
[2021-04-18 23:52:19.465] [exthost] [error] [ms-vscode.cpptools] provider FAILED
[2021-04-18 23:52:19.465] [exthost] [error] undefined
[2021-04-18 23:56:23.260] [exthost] [info] extension host terminating: received terminate message from renderer
[2021-04-18 23:56:24.281] [exthost] [info] exiting with code 0
