Looking for git in: git
Using git 2.17.1 from git
> git rev-parse --git-dir
Open repository: /home/user42/code/perso/minishell
> git status -z -u
> git symbolic-ref --short HEAD
> git for-each-ref --format=%(refname)%00%(upstream:short)%00%(upstream:track)%00%(objectname) refs/heads/flohrel refs/remotes/flohrel
> git for-each-ref --sort -committerdate --format %(refname) %(objectname) %(*objectname)
> git remote --verbose
> git config --get commit.template
> git check-ignore -v -z --stdin
> git show --textconv :src/exit.c
> git ls-files --stage -- /home/user42/code/perso/minishell/src/exit.c
> git cat-file -s d9ed54e3570c59e076643ba8e193185cff1ce96e
> git show --textconv :src/main.c
> git ls-files --stage -- /home/user42/code/perso/minishell/src/main.c
> git cat-file -s 141a63c11f96d4c7bc44746429f4ddcffb2dade1
> git show --textconv :src/prompt.c
> git ls-files --stage -- /home/user42/code/perso/minishell/src/prompt.c
> git cat-file -s e2b6bf4a879f5ce5610618fdcc47f8edbfd856ff
> git show --textconv :src/exit.c
> git ls-files --stage -- /home/user42/code/perso/minishell/src/exit.c
> git cat-file -s d9ed54e3570c59e076643ba8e193185cff1ce96e
> git check-ignore -v -z --stdin
> git show --textconv :src/lexer/lexer.c
> git ls-files --stage -- /home/user42/code/perso/minishell/src/lexer/lexer.c
> git cat-file -s 7fbb4bd9768fbd32600d019f391a8a9f3eaafa9c
