Looking for git in: git
Using git 2.17.1 from git
> git rev-parse --git-dir
Open repository: /home/user42/code/perso/minishell
> git status -z -u
> git symbolic-ref --short HEAD
> git for-each-ref --format=%(refname)%00%(upstream:short)%00%(upstream:track)%00%(objectname) refs/heads/flohrel refs/remotes/flohrel
> git for-each-ref --sort -committerdate --format %(refname) %(objectname) %(*objectname)
> git remote --verbose
> git config --get commit.template
> git check-ignore -v -z --stdin
> git show --textconv :src/lexer.c
> git ls-files --stage -- /home/user42/code/perso/minishell/src/lexer.c
> git cat-file -s 38c0b1bc71bcda6c0aedbc12c2bc7103a6521777
> git status -z -u
> git symbolic-ref --short HEAD
> git for-each-ref --format=%(refname)%00%(upstream:short)%00%(upstream:track)%00%(objectname) refs/heads/flohrel refs/remotes/flohrel
> git for-each-ref --sort -committerdate --format %(refname) %(objectname) %(*objectname)
> git remote --verbose
> git config --get commit.template
> git status -z -u
> git symbolic-ref --short HEAD
> git for-each-ref --format=%(refname)%00%(upstream:short)%00%(upstream:track)%00%(objectname) refs/heads/flohrel refs/remotes/flohrel
> git for-each-ref --sort -committerdate --format %(refname) %(objectname) %(*objectname)
> git remote --verbose
> git ls-files --stage -- /home/user42/code/perso/minishell/src/lexer.c
> git config --get commit.template
> git cat-file -s 38c0b1bc71bcda6c0aedbc12c2bc7103a6521777
> git show --textconv :src/lexer.c
> git status -z -u
> git symbolic-ref --short HEAD
> git for-each-ref --format=%(refname)%00%(upstream:short)%00%(upstream:track)%00%(objectname) refs/heads/flohrel refs/remotes/flohrel
> git for-each-ref --sort -committerdate --format %(refname) %(objectname) %(*objectname)
> git remote --verbose
> git config --get commit.template
> git show --textconv :incld/lexer.h
> git ls-files --stage -- /home/user42/code/perso/minishell/incld/lexer.h
> git cat-file -s 52d9880e62926a6e142cca6f46b8dbe9d3cf2434
> git status -z -u
> git symbolic-ref --short HEAD
> git for-each-ref --format=%(refname)%00%(upstream:short)%00%(upstream:track)%00%(objectname) refs/heads/flohrel refs/remotes/flohrel
> git for-each-ref --sort -committerdate --format %(refname) %(objectname) %(*objectname)
> git remote --verbose
> git config --get commit.template
> git show --textconv :src/lexer.c
> git ls-files --stage -- /home/user42/code/perso/minishell/src/lexer.c
> git cat-file -s 38c0b1bc71bcda6c0aedbc12c2bc7103a6521777
> git show --textconv :src/lexer.c
> git ls-files --stage -- /home/user42/code/perso/minishell/src/lexer.c
> git cat-file -s 38c0b1bc71bcda6c0aedbc12c2bc7103a6521777
> git show --textconv :incld/lexer.h
> git ls-files --stage -- /home/user42/code/perso/minishell/incld/lexer.h
> git cat-file -s 52d9880e62926a6e142cca6f46b8dbe9d3cf2434
> git log --format=%H%n%aN%n%aE%n%at%n%ct%n%P%n%B -z -n21 -- /home/user42/code/perso/minishell/incld/lexer.h
> git show --textconv :incld/data.h
> git ls-files --stage -- /home/user42/code/perso/minishell/incld/data.h
> git show --textconv :incld/lexer.h
> git ls-files --stage -- /home/user42/code/perso/minishell/incld/lexer.h
> git cat-file -s 52d9880e62926a6e142cca6f46b8dbe9d3cf2434
> git show --textconv :incld/data.h
> git ls-files --stage -- /home/user42/code/perso/minishell/incld/data.h
> git show --textconv :incld/lexer.h
> git ls-files --stage -- /home/user42/code/perso/minishell/incld/lexer.h
> git cat-file -s 52d9880e62926a6e142cca6f46b8dbe9d3cf2434
> git show --textconv :incld/data.h
> git ls-files --stage -- /home/user42/code/perso/minishell/incld/data.h
> git show --textconv :incld/lexer.h
> git ls-files --stage -- /home/user42/code/perso/minishell/incld/lexer.h
> git cat-file -s 52d9880e62926a6e142cca6f46b8dbe9d3cf2434
> git show --textconv :incld/data.h
> git ls-files --stage -- /home/user42/code/perso/minishell/incld/data.h
> git show --textconv :incld/lexer.h
> git ls-files --stage -- /home/user42/code/perso/minishell/incld/lexer.h
> git cat-file -s 52d9880e62926a6e142cca6f46b8dbe9d3cf2434
> git status -z -u
> git symbolic-ref --short HEAD
> git for-each-ref --format=%(refname)%00%(upstream:short)%00%(upstream:track)%00%(objectname) refs/heads/flohrel refs/remotes/flohrel
> git for-each-ref --sort -committerdate --format %(refname) %(objectname) %(*objectname)
> git remote --verbose
> git config --get commit.template
> git status -z -u
> git symbolic-ref --short HEAD
> git for-each-ref --format=%(refname)%00%(upstream:short)%00%(upstream:track)%00%(objectname) refs/heads/flohrel refs/remotes/flohrel
> git for-each-ref --sort -committerdate --format %(refname) %(objectname) %(*objectname)
> git remote --verbose
> git config --get commit.template
> git show --textconv :incld/data.h
> git ls-files --stage -- /home/user42/code/perso/minishell/incld/data.h
> git show --textconv :src/lexer.c
> git ls-files --stage -- /home/user42/code/perso/minishell/src/lexer.c
> git cat-file -s 38c0b1bc71bcda6c0aedbc12c2bc7103a6521777
> git status -z -u
> git symbolic-ref --short HEAD
> git for-each-ref --format=%(refname)%00%(upstream:short)%00%(upstream:track)%00%(objectname) refs/heads/flohrel refs/remotes/flohrel
> git for-each-ref --sort -committerdate --format %(refname) %(objectname) %(*objectname)
> git remote --verbose
> git config --get commit.template
> git show --textconv :incld/lexer.h
> git ls-files --stage -- /home/user42/code/perso/minishell/incld/lexer.h
> git cat-file -s 52d9880e62926a6e142cca6f46b8dbe9d3cf2434
> git status -z -u
> git symbolic-ref --short HEAD
> git for-each-ref --format=%(refname)%00%(upstream:short)%00%(upstream:track)%00%(objectname) refs/heads/flohrel refs/remotes/flohrel
> git for-each-ref --sort -committerdate --format %(refname) %(objectname) %(*objectname)
> git remote --verbose
> git config --get commit.template
> git show --textconv :src/lexer.c
> git ls-files --stage -- /home/user42/code/perso/minishell/src/lexer.c
> git cat-file -s 38c0b1bc71bcda6c0aedbc12c2bc7103a6521777
> git show --textconv :incld/data.h
> git ls-files --stage -- /home/user42/code/perso/minishell/incld/data.h
> git status -z -u
> git symbolic-ref --short HEAD
> git for-each-ref --format=%(refname)%00%(upstream:short)%00%(upstream:track)%00%(objectname) refs/heads/flohrel refs/remotes/flohrel
> git for-each-ref --sort -committerdate --format %(refname) %(objectname) %(*objectname)
> git remote --verbose
> git config --get commit.template
> git show --textconv :src/lexer.c
> git ls-files --stage -- /home/user42/code/perso/minishell/src/lexer.c
> git cat-file -s 38c0b1bc71bcda6c0aedbc12c2bc7103a6521777
> git status -z -u
> git symbolic-ref --short HEAD
> git for-each-ref --format=%(refname)%00%(upstream:short)%00%(upstream:track)%00%(objectname) refs/heads/flohrel refs/remotes/flohrel
> git for-each-ref --sort -committerdate --format %(refname) %(objectname) %(*objectname)
> git remote --verbose
> git config --get commit.template
> git status -z -u
> git symbolic-ref --short HEAD
> git for-each-ref --format=%(refname)%00%(upstream:short)%00%(upstream:track)%00%(objectname) refs/heads/flohrel refs/remotes/flohrel
> git for-each-ref --sort -committerdate --format %(refname) %(objectname) %(*objectname)
> git remote --verbose
> git config --get commit.template
> git status -z -u
> git symbolic-ref --short HEAD
> git for-each-ref --format=%(refname)%00%(upstream:short)%00%(upstream:track)%00%(objectname) refs/heads/flohrel refs/remotes/flohrel
> git for-each-ref --sort -committerdate --format %(refname) %(objectname) %(*objectname)
> git remote --verbose
> git config --get commit.template
> git status -z -u
> git symbolic-ref --short HEAD
> git for-each-ref --format=%(refname)%00%(upstream:short)%00%(upstream:track)%00%(objectname) refs/heads/flohrel refs/remotes/flohrel
> git for-each-ref --sort -committerdate --format %(refname) %(objectname) %(*objectname)
> git remote --verbose
> git config --get commit.template
> git status -z -u
> git symbolic-ref --short HEAD
> git for-each-ref --format=%(refname)%00%(upstream:short)%00%(upstream:track)%00%(objectname) refs/heads/flohrel refs/remotes/flohrel
> git for-each-ref --sort -committerdate --format %(refname) %(objectname) %(*objectname)
> git remote --verbose
> git config --get commit.template
> git show --textconv :Makefile
> git ls-files --stage -- /home/user42/code/perso/minishell/Makefile
> git cat-file -s 37cac5e6d78ff5b216195136c1a6810e1cddbc12
> git status -z -u
> git symbolic-ref --short HEAD
> git for-each-ref --format=%(refname)%00%(upstream:short)%00%(upstream:track)%00%(objectname) refs/heads/flohrel refs/remotes/flohrel
> git for-each-ref --sort -committerdate --format %(refname) %(objectname) %(*objectname)
> git remote --verbose
> git config --get commit.template
> git status -z -u
> git symbolic-ref --short HEAD
> git for-each-ref --format=%(refname)%00%(upstream:short)%00%(upstream:track)%00%(objectname) refs/heads/flohrel refs/remotes/flohrel
> git for-each-ref --sort -committerdate --format %(refname) %(objectname) %(*objectname)
> git remote --verbose
> git config --get commit.template
> git show --textconv :src/lexer.c
> git ls-files --stage -- /home/user42/code/perso/minishell/src/lexer.c
> git cat-file -s 38c0b1bc71bcda6c0aedbc12c2bc7103a6521777
> git status -z -u
> git symbolic-ref --short HEAD
> git for-each-ref --format=%(refname)%00%(upstream:short)%00%(upstream:track)%00%(objectname) refs/heads/flohrel refs/remotes/flohrel
> git for-each-ref --sort -committerdate --format %(refname) %(objectname) %(*objectname)
> git remote --verbose
> git config --get commit.template
> git status -z -u
> git symbolic-ref --short HEAD
> git for-each-ref --format=%(refname)%00%(upstream:short)%00%(upstream:track)%00%(objectname) refs/heads/flohrel refs/remotes/flohrel
> git for-each-ref --sort -committerdate --format %(refname) %(objectname) %(*objectname)
> git remote --verbose
> git config --get commit.template
> git status -z -u
> git symbolic-ref --short HEAD
> git for-each-ref --format=%(refname)%00%(upstream:short)%00%(upstream:track)%00%(objectname) refs/heads/flohrel refs/remotes/flohrel
> git for-each-ref --sort -committerdate --format %(refname) %(objectname) %(*objectname)
> git remote --verbose
> git config --get commit.template
> git show --textconv :incld/lexer.h
> git ls-files --stage -- /home/user42/code/perso/minishell/incld/lexer.h
> git cat-file -s 52d9880e62926a6e142cca6f46b8dbe9d3cf2434
> git show --textconv :src/lexer.c
> git ls-files --stage -- /home/user42/code/perso/minishell/src/lexer.c
> git cat-file -s 38c0b1bc71bcda6c0aedbc12c2bc7103a6521777
> git status -z -u
> git symbolic-ref --short HEAD
> git for-each-ref --format=%(refname)%00%(upstream:short)%00%(upstream:track)%00%(objectname) refs/heads/flohrel refs/remotes/flohrel
> git for-each-ref --sort -committerdate --format %(refname) %(objectname) %(*objectname)
> git remote --verbose
> git config --get commit.template
> git show --textconv :incld/data.h
> git ls-files --stage -- /home/user42/code/perso/minishell/incld/data.h
> git status -z -u
> git symbolic-ref --short HEAD
> git for-each-ref --format=%(refname)%00%(upstream:short)%00%(upstream:track)%00%(objectname) refs/heads/flohrel refs/remotes/flohrel
> git for-each-ref --sort -committerdate --format %(refname) %(objectname) %(*objectname)
> git remote --verbose
> git config --get commit.template
> git status -z -u
> git symbolic-ref --short HEAD
> git for-each-ref --format=%(refname)%00%(upstream:short)%00%(upstream:track)%00%(objectname) refs/heads/flohrel refs/remotes/flohrel
> git for-each-ref --sort -committerdate --format %(refname) %(objectname) %(*objectname)
> git remote --verbose
> git check-ignore -v -z --stdin
> git config --get commit.template
> git status -z -u
> git symbolic-ref --short HEAD
> git for-each-ref --format=%(refname)%00%(upstream:short)%00%(upstream:track)%00%(objectname) refs/heads/flohrel refs/remotes/flohrel
> git for-each-ref --sort -committerdate --format %(refname) %(objectname) %(*objectname)
> git remote --verbose
> git config --get commit.template
> git show --textconv :incld/lexer.h
> git ls-files --stage -- /home/user42/code/perso/minishell/incld/lexer.h
> git cat-file -s 52d9880e62926a6e142cca6f46b8dbe9d3cf2434
> git show --textconv :src/lexer.c
> git ls-files --stage -- /home/user42/code/perso/minishell/src/lexer.c
> git cat-file -s 38c0b1bc71bcda6c0aedbc12c2bc7103a6521777
> git show --textconv :Makefile
> git ls-files --stage -- /home/user42/code/perso/minishell/Makefile
> git cat-file -s 37cac5e6d78ff5b216195136c1a6810e1cddbc12
> git status -z -u
> git symbolic-ref --short HEAD
> git for-each-ref --format=%(refname)%00%(upstream:short)%00%(upstream:track)%00%(objectname) refs/heads/flohrel refs/remotes/flohrel
> git for-each-ref --sort -committerdate --format %(refname) %(objectname) %(*objectname)
> git remote --verbose
> git config --get commit.template
> git show --textconv :src/lexer.c
> git ls-files --stage -- /home/user42/code/perso/minishell/src/lexer.c
> git cat-file -s 38c0b1bc71bcda6c0aedbc12c2bc7103a6521777
> git status -z -u
> git symbolic-ref --short HEAD
> git for-each-ref --format=%(refname)%00%(upstream:short)%00%(upstream:track)%00%(objectname) refs/heads/flohrel refs/remotes/flohrel
> git for-each-ref --sort -committerdate --format %(refname) %(objectname) %(*objectname)
> git remote --verbose
> git config --get commit.template
> git show --textconv :Makefile
> git ls-files --stage -- /home/user42/code/perso/minishell/Makefile
> git cat-file -s 37cac5e6d78ff5b216195136c1a6810e1cddbc12
> git show --textconv :incld/lexer.h
> git ls-files --stage -- /home/user42/code/perso/minishell/incld/lexer.h
> git cat-file -s 52d9880e62926a6e142cca6f46b8dbe9d3cf2434
> git status -z -u
> git symbolic-ref --short HEAD
> git for-each-ref --format=%(refname)%00%(upstream:short)%00%(upstream:track)%00%(objectname) refs/heads/flohrel refs/remotes/flohrel
> git for-each-ref --sort -committerdate --format %(refname) %(objectname) %(*objectname)
> git remote --verbose
