Logging level: Normal
Dropping various extension output files at /home/user42/code/perso/minishell/.vscode
Configurations cached at /home/user42/code/perso/minishell/.vscode/configurationCache.log
No path to the makefile is defined in the settings file
Always pre-configure: false
Dry-run switches: --always-make,--keep-going,--print-directory
Additional compiler names: 
Exclude compiler names: 
No current configuration is defined in the workspace state. Assuming 'Default'.
No target defined in the workspace state. Assuming 'Default'.
No current launch configuration is set in the workspace state.
Default launch configuration: MIMode = undefined,
                    miDebuggerPath = undefined,
                    stopAtEntry = undefined,
                    symbolSearchPath = undefined
Configure on open: true
Configure on edit: true
Configure after command: true
Only .PHONY targets: false
Save before build or configure: true
Build before launch: true
Clear output before build: true
Ignore directory commands: true
Deduced command 'make ' for configuration Default
Saving opened files before build.
Configuring from cache: /home/user42/code/perso/minishell/.vscode/configurationCache.log
Load configuration from cache elapsed time: 1.163
Generating in the background a new configuration cache with command: make --dry-run --always-make --keep-going --print-directory
Writing the dry-run output: /home/user42/code/perso/minishell/.vscode/dryrun.log
Generating dry-run elapsed time: 0.088
Preprocessing: "/home/user42/code/perso/minishell/.vscode/dryrun.log"
Preprocess elapsed time: 0
Parsing for IntelliSense.
Updating the CppTools IntelliSense Configuration Provider.
Parsing dry-run output for CppTools Custom Configuration Provider.
Sending configuration for file /home/user42/code/perso/minishell/src/main.c -----------------------------------
Sending configuration for file /home/user42/code/perso/minishell/src/lexer.c -----------------------------------
Parsing for IntelliSense elapsed time: 0.031
Parsing for launch targets.
Found the following 1 launch targets defined in the makefile: /home/user42/code/perso/minishell>minishell()
Complete list of launch targets: /home/user42/code/perso/minishell>minishell()
Parsing for launch targets elapsed time: 0.014
Generating parse content for build targets.
Generating targets information with command: make all --print-data-base --no-builtin-variables --no-builtin-rules --question
Writing the dry-run output: /home/user42/code/perso/minishell/.vscode/targets.log
Generating dry-run elapsed time: 0.116
Parsing for build targets from: "/home/user42/code/perso/minishell/.vscode/targets.log"
Found the following 8 build targets defined in the makefile: all;bonus;clean;fclean;minishell;obj;obj/main.o;re
Complete list of build targets: all;bonus;clean;fclean;minishell;obj;obj/main.o;re
Parsing build targets elapsed time: 0.042
Configure finished. The status for all the subphases that ran:
loadFromCache: return code = 0, elapsed time = 1.163
generateParseContent: return code = 0, elapsed time = 0.088
preprocessParseContent: return code = 0, elapsed time = 0
parseIntelliSense: return code = 0, elapsed time = 0.031
parseLaunch: return code = 0, elapsed time = 0.014
dryrunTargets: return code = 1, elapsed time = 0.116
parseTargets: return code = 0, elapsed time = 0.042
Configure succeeded.
Configure elapsed time: 1.501
Configuring after settings or makefile changes...
Saving opened files before build.
Generating configuration cache with command: make --dry-run --keep-going --print-directory
Writing the dry-run output: /home/user42/code/perso/minishell/.vscode/dryrun.log
Generating dry-run elapsed time: 0.05
Preprocessing: "/home/user42/code/perso/minishell/.vscode/dryrun.log"
Preprocess elapsed time: 0
Parsing for IntelliSense.
Updating the CppTools IntelliSense Configuration Provider.
Parsing dry-run output for CppTools Custom Configuration Provider.
Parsing for IntelliSense elapsed time: 0.004
Parsing for launch targets.
No new launch configurations have been detected.
Complete list of launch targets: /home/user42/code/perso/minishell>minishell()
Parsing for launch targets elapsed time: 0.004
Generating parse content for build targets.
Generating targets information with command: make all --print-data-base --no-builtin-variables --no-builtin-rules --question
Writing the dry-run output: /home/user42/code/perso/minishell/.vscode/targets.log
Generating dry-run elapsed time: 0.033
Parsing for build targets from: "/home/user42/code/perso/minishell/.vscode/targets.log"
Found the following 10 new build targets defined in the makefile: all;bonus;clean;fclean;minishell;obj;obj/exit.o;obj/lexer.o;obj/main.o;re
Complete list of build targets: all;bonus;clean;fclean;minishell;obj;obj/exit.o;obj/lexer.o;obj/main.o;re
Parsing build targets elapsed time: 0.004
Configure finished. The status for all the subphases that ran:
generateParseContent: return code = 0, elapsed time = 0.05
preprocessParseContent: return code = 0, elapsed time = 0
parseIntelliSense: return code = 0, elapsed time = 0.004
parseLaunch: return code = 0, elapsed time = 0.004
dryrunTargets: return code = 0, elapsed time = 0.033
parseTargets: return code = 0, elapsed time = 0.004
Configure succeeded.
Configure elapsed time: 0.114
Configuring after settings or makefile changes...
Saving opened files before build.
Generating configuration cache with command: make --dry-run --keep-going --print-directory
Writing the dry-run output: /home/user42/code/perso/minishell/.vscode/dryrun.log
Generating dry-run elapsed time: 0.031
Preprocessing: "/home/user42/code/perso/minishell/.vscode/dryrun.log"
Preprocess elapsed time: 0
Parsing for IntelliSense.
Updating the CppTools IntelliSense Configuration Provider.
Parsing dry-run output for CppTools Custom Configuration Provider.
Sending configuration for file /home/user42/code/perso/minishell/src/lexer.c -----------------------------------
Parsing for IntelliSense elapsed time: 0.037
Parsing for launch targets.
Found the following 1 new launch targets defined in the makefile: /home/user42/code/perso/minishell>minishell()
Complete list of launch targets: /home/user42/code/perso/minishell>minishell()
Parsing for launch targets elapsed time: 0.011
Generating parse content for build targets.
Generating targets information with command: make all --print-data-base --no-builtin-variables --no-builtin-rules --question
Writing the dry-run output: /home/user42/code/perso/minishell/.vscode/targets.log
Generating dry-run elapsed time: 0.028
Parsing for build targets from: "/home/user42/code/perso/minishell/.vscode/targets.log"
Found the following 9 new build targets defined in the makefile: all;bonus;clean;fclean;minishell;obj;obj/lexer.o;obj/main.o;re
Complete list of build targets: all;bonus;clean;fclean;minishell;obj;obj/exit.o;obj/lexer.o;obj/main.o;re
Parsing build targets elapsed time: 0.002
Configure finished. The status for all the subphases that ran:
generateParseContent: return code = 0, elapsed time = 0.031
preprocessParseContent: return code = 0, elapsed time = 0
parseIntelliSense: return code = 0, elapsed time = 0.037
parseLaunch: return code = 0, elapsed time = 0.011
dryrunTargets: return code = 1, elapsed time = 0.028
parseTargets: return code = 0, elapsed time = 0.002
Configure succeeded.
Configure elapsed time: 0.113
