[2021-11-19 03:59:33.417] [exthost] [info] Extension host with pid 7488 started
[2021-11-19 03:59:33.417] [exthost] [info] Skipping acquiring lock for /home/user42/.config/Code/User/workspaceStorage/b265767bfc554a7fb831e42d79d75ab3.
[2021-11-19 03:59:33.540] [exthost] [info] ExtensionService#_doActivateExtension vscode.microsoft-authentication, startup: false, activationEvent: 'onAuthenticationRequest:microsoft'
[2021-11-19 03:59:33.548] [exthost] [info] ExtensionService#_doActivateExtension cschlosser.doxdocgen, startup: false, activationEvent: 'onLanguage:cpp'
[2021-11-19 03:59:33.593] [exthost] [info] ExtensionService#_doActivateExtension ms-vscode.cpptools, startup: false, activationEvent: 'onLanguage:cpp'
[2021-11-19 03:59:33.631] [exthost] [info] ExtensionService#_doActivateExtension vscode.debug-auto-launch, startup: true, activationEvent: '*'
[2021-11-19 03:59:33.634] [exthost] [info] ExtensionService#_doActivateExtension vscode.git, startup: true, activationEvent: '*', root cause: vscode.github
[2021-11-19 03:59:33.653] [exthost] [info] ExtensionService#_doActivateExtension donjayamanne.githistory, startup: true, activationEvent: '*'
[2021-11-19 03:59:33.667] [exthost] [info] ExtensionService#_doActivateExtension ms-vsliveshare.vsliveshare, startup: true, activationEvent: '*'
[2021-11-19 03:59:34.253] [exthost] [info] ExtensionService#_doActivateExtension vscode.github-authentication, startup: false, activationEvent: 'onAuthenticationRequest:github'
[2021-11-19 03:59:35.415] [exthost] [info] ExtensionService#_doActivateExtension vscode.github, startup: true, activationEvent: '*'
[2021-11-19 03:59:35.427] [exthost] [info] Eager extensions activated
[2021-11-19 03:59:35.449] [exthost] [info] ExtensionService#_doActivateExtension vscode.merge-conflict, startup: false, activationEvent: 'onStartupFinished'
[2021-11-19 03:59:35.452] [exthost] [info] ExtensionService#_doActivateExtension eamodio.gitlens, startup: false, activationEvent: 'onStartupFinished'
[2021-11-19 03:59:35.483] [exthost] [info] ExtensionService#_doActivateExtension ms-vscode-remote.remote-containers, startup: false, activationEvent: 'onStartupFinished'
[2021-11-19 04:01:00.249] [exthost] [info] ExtensionService#_doActivateExtension vscode.configuration-editing, startup: false, activationEvent: 'onLanguage:jsonc'
[2021-11-19 04:01:00.260] [exthost] [info] ExtensionService#_doActivateExtension vscode.json-language-features, startup: false, activationEvent: 'onLanguage:jsonc'
[2021-11-19 04:01:00.285] [exthost] [info] ExtensionService#_doActivateExtension vscode.typescript-language-features, startup: false, activationEvent: 'onLanguage:jsonc'
[2021-11-19 04:06:31.036] [exthost] [warning] TextEditor is closed/disposed
[2021-11-19 04:06:40.892] [exthost] [warning] TextEditor is closed/disposed
[2021-11-19 04:06:50.514] [exthost] [warning] TextEditor is closed/disposed
[2021-11-19 04:17:29.326] [exthost] [warning] TextEditor is closed/disposed
[2021-11-19 04:18:15.931] [exthost] [warning] TextEditor is closed/disposed
[2021-11-19 04:19:47.023] [exthost] [warning] TextEditor is closed/disposed
[2021-11-19 05:05:47.692] [exthost] [warning] TextEditor is closed/disposed
[2021-11-19 05:38:22.593] [exthost] [warning] TextEditor is closed/disposed
[2021-11-19 05:38:42.177] [exthost] [warning] TextEditor is closed/disposed
[2021-11-19 05:41:07.191] [exthost] [warning] TextEditor is closed/disposed
